::1 - - [26/Jun/2017:07:10:07 +0000] "GET /post?name= HTTP/1.1" 200 108 "http://localhost:8080/" "Mozilla/5.0 (X11; Linux x86_64) AppleWebKit/537.36 (KHTML, like Gecko) Ubuntu Chromium/58.0.3029.110 Chrome/58.0.3029.110 Safari/537.36"
::1 - - [26/Jun/2017:07:27:43 +0000] "GET /post?name= HTTP/1.1" 304 - "http://localhost:8080/" "Mozilla/5.0 (X11; Linux x86_64) AppleWebKit/537.36 (KHTML, like Gecko) Ubuntu Chromium/58.0.3029.110 Chrome/58.0.3029.110 Safari/537.36"
::1 - - [26/Jun/2017:08:59:29 +0000] "GET /post?name= HTTP/1.1" 304 - "http://localhost:8080/" "Mozilla/5.0 (X11; Linux x86_64) AppleWebKit/537.36 (KHTML, like Gecko) Ubuntu Chromium/58.0.3029.110 Chrome/58.0.3029.110 Safari/537.36"
::1 - - [26/Jun/2017:09:04:59 +0000] "GET /post?name= HTTP/1.1" 304 - "http://localhost:8080/" "Mozilla/5.0 (X11; Linux x86_64) AppleWebKit/537.36 (KHTML, like Gecko) Ubuntu Chromium/58.0.3029.110 Chrome/58.0.3029.110 Safari/537.36"
::1 - - [26/Jun/2017:09:11:01 +0000] "GET /post?name= HTTP/1.1" 304 - "http://localhost:8080/" "Mozilla/5.0 (X11; Linux x86_64) AppleWebKit/537.36 (KHTML, like Gecko) Ubuntu Chromium/58.0.3029.110 Chrome/58.0.3029.110 Safari/537.36"
::1 - - [26/Jun/2017:09:16:57 +0000] "GET /post?name= HTTP/1.1" 304 - "http://localhost:8080/" "Mozilla/5.0 (X11; Linux x86_64) AppleWebKit/537.36 (KHTML, like Gecko) Ubuntu Chromium/58.0.3029.110 Chrome/58.0.3029.110 Safari/537.36"
::1 - - [26/Jun/2017:09:18:04 +0000] "GET /post?name= HTTP/1.1" 304 - "http://localhost:8080/" "Mozilla/5.0 (X11; Linux x86_64) AppleWebKit/537.36 (KHTML, like Gecko) Ubuntu Chromium/58.0.3029.110 Chrome/58.0.3029.110 Safari/537.36"
::1 - - [26/Jun/2017:09:22:55 +0000] "GET /post?name= HTTP/1.1" 304 - "http://localhost:8080/" "Mozilla/5.0 (X11; Linux x86_64) AppleWebKit/537.36 (KHTML, like Gecko) Ubuntu Chromium/58.0.3029.110 Chrome/58.0.3029.110 Safari/537.36"
::1 - - [26/Jun/2017:09:25:53 +0000] "GET /post?name= HTTP/1.1" 304 - "http://localhost:8080/" "Mozilla/5.0 (X11; Linux x86_64) AppleWebKit/537.36 (KHTML, like Gecko) Ubuntu Chromium/58.0.3029.110 Chrome/58.0.3029.110 Safari/537.36"
::1 - - [26/Jun/2017:09:26:24 +0000] "GET /post?name= HTTP/1.1" 304 - "http://localhost:8080/" "Mozilla/5.0 (X11; Linux x86_64) AppleWebKit/537.36 (KHTML, like Gecko) Ubuntu Chromium/58.0.3029.110 Chrome/58.0.3029.110 Safari/537.36"
::1 - - [26/Jun/2017:09:32:56 +0000] "GET /post?name= HTTP/1.1" 304 - "http://localhost:8080/" "Mozilla/5.0 (X11; Linux x86_64) AppleWebKit/537.36 (KHTML, like Gecko) Ubuntu Chromium/58.0.3029.110 Chrome/58.0.3029.110 Safari/537.36"
::1 - - [26/Jun/2017:09:38:27 +0000] "GET /post?name= HTTP/1.1" 304 - "http://localhost:8080/" "Mozilla/5.0 (X11; Linux x86_64) AppleWebKit/537.36 (KHTML, like Gecko) Ubuntu Chromium/58.0.3029.110 Chrome/58.0.3029.110 Safari/537.36"
::1 - - [26/Jun/2017:09:40:10 +0000] "GET /post?name= HTTP/1.1" 304 - "http://localhost:8080/" "Mozilla/5.0 (X11; Linux x86_64) AppleWebKit/537.36 (KHTML, like Gecko) Ubuntu Chromium/58.0.3029.110 Chrome/58.0.3029.110 Safari/537.36"
::1 - - [26/Jun/2017:09:56:08 +0000] "GET /post?name= HTTP/1.1" 304 - "http://localhost:8080/" "Mozilla/5.0 (X11; Linux x86_64) AppleWebKit/537.36 (KHTML, like Gecko) Ubuntu Chromium/58.0.3029.110 Chrome/58.0.3029.110 Safari/537.36"
::1 - - [26/Jun/2017:10:00:34 +0000] "GET /post?name= HTTP/1.1" 304 - "http://localhost:8080/" "Mozilla/5.0 (X11; Linux x86_64) AppleWebKit/537.36 (KHTML, like Gecko) Ubuntu Chromium/58.0.3029.110 Chrome/58.0.3029.110 Safari/537.36"
::1 - - [26/Jun/2017:10:01:08 +0000] "GET /post?name= HTTP/1.1" 304 - "http://localhost:8080/" "Mozilla/5.0 (X11; Linux x86_64) AppleWebKit/537.36 (KHTML, like Gecko) Ubuntu Chromium/58.0.3029.110 Chrome/58.0.3029.110 Safari/537.36"
::1 - - [26/Jun/2017:10:03:38 +0000] "OPTIONS /login HTTP/1.1" 200 4 "http://localhost:8080/" "Mozilla/5.0 (X11; Linux x86_64) AppleWebKit/537.36 (KHTML, like Gecko) Ubuntu Chromium/58.0.3029.110 Chrome/58.0.3029.110 Safari/537.36"
::1 - - [26/Jun/2017:10:03:39 +0000] "POST /login HTTP/1.1" - - "http://localhost:8080/" "Mozilla/5.0 (X11; Linux x86_64) AppleWebKit/537.36 (KHTML, like Gecko) Ubuntu Chromium/58.0.3029.110 Chrome/58.0.3029.110 Safari/537.36"
::1 - - [26/Jun/2017:10:04:06 +0000] "GET /post?name= HTTP/1.1" 304 - "http://localhost:8080/?username=819937282%40qq.com&password=ws%401992" "Mozilla/5.0 (X11; Linux x86_64) AppleWebKit/537.36 (KHTML, like Gecko) Ubuntu Chromium/58.0.3029.110 Chrome/58.0.3029.110 Safari/537.36"
::1 - - [26/Jun/2017:10:04:11 +0000] "GET /post?name= HTTP/1.1" 304 - "http://localhost:8080/" "Mozilla/5.0 (X11; Linux x86_64) AppleWebKit/537.36 (KHTML, like Gecko) Ubuntu Chromium/58.0.3029.110 Chrome/58.0.3029.110 Safari/537.36"
::1 - - [26/Jun/2017:10:04:12 +0000] "GET /post?name= HTTP/1.1" 304 - "http://localhost:8080/" "Mozilla/5.0 (X11; Linux x86_64) AppleWebKit/537.36 (KHTML, like Gecko) Ubuntu Chromium/58.0.3029.110 Chrome/58.0.3029.110 Safari/537.36"
::1 - - [26/Jun/2017:10:04:26 +0000] "OPTIONS /login HTTP/1.1" 200 4 "http://localhost:8080/" "Mozilla/5.0 (X11; Linux x86_64) AppleWebKit/537.36 (KHTML, like Gecko) Ubuntu Chromium/58.0.3029.110 Chrome/58.0.3029.110 Safari/537.36"
::1 - - [26/Jun/2017:10:04:26 +0000] "POST /login HTTP/1.1" 200 41 "http://localhost:8080/" "Mozilla/5.0 (X11; Linux x86_64) AppleWebKit/537.36 (KHTML, like Gecko) Ubuntu Chromium/58.0.3029.110 Chrome/58.0.3029.110 Safari/537.36"
::1 - - [26/Jun/2017:10:04:26 +0000] "GET /post?name=819937282@qq.com HTTP/1.1" 304 - "http://localhost:8080/" "Mozilla/5.0 (X11; Linux x86_64) AppleWebKit/537.36 (KHTML, like Gecko) Ubuntu Chromium/58.0.3029.110 Chrome/58.0.3029.110 Safari/537.36"
::1 - - [26/Jun/2017:10:06:41 +0000] "GET /logout HTTP/1.1" 200 27 "http://localhost:8080/" "Mozilla/5.0 (X11; Linux x86_64) AppleWebKit/537.36 (KHTML, like Gecko) Ubuntu Chromium/58.0.3029.110 Chrome/58.0.3029.110 Safari/537.36"
::1 - - [26/Jun/2017:10:06:41 +0000] "GET /post HTTP/1.1" 304 - "http://localhost:8080/" "Mozilla/5.0 (X11; Linux x86_64) AppleWebKit/537.36 (KHTML, like Gecko) Ubuntu Chromium/58.0.3029.110 Chrome/58.0.3029.110 Safari/537.36"
::1 - - [26/Jun/2017:10:06:57 +0000] "OPTIONS /reg HTTP/1.1" 200 4 "http://localhost:8080/" "Mozilla/5.0 (X11; Linux x86_64) AppleWebKit/537.36 (KHTML, like Gecko) Ubuntu Chromium/58.0.3029.110 Chrome/58.0.3029.110 Safari/537.36"
::1 - - [26/Jun/2017:10:06:57 +0000] "POST /reg HTTP/1.1" 200 11 "http://localhost:8080/" "Mozilla/5.0 (X11; Linux x86_64) AppleWebKit/537.36 (KHTML, like Gecko) Ubuntu Chromium/58.0.3029.110 Chrome/58.0.3029.110 Safari/537.36"
::1 - - [26/Jun/2017:10:06:57 +0000] "GET /post?name=819937282@qq HTTP/1.1" 200 22 "http://localhost:8080/" "Mozilla/5.0 (X11; Linux x86_64) AppleWebKit/537.36 (KHTML, like Gecko) Ubuntu Chromium/58.0.3029.110 Chrome/58.0.3029.110 Safari/537.36"
::1 - - [26/Jun/2017:10:07:03 +0000] "OPTIONS /post HTTP/1.1" 200 13 "http://localhost:8080/" "Mozilla/5.0 (X11; Linux x86_64) AppleWebKit/537.36 (KHTML, like Gecko) Ubuntu Chromium/58.0.3029.110 Chrome/58.0.3029.110 Safari/537.36"
::1 - - [26/Jun/2017:10:07:03 +0000] "POST /post HTTP/1.1" 200 11 "http://localhost:8080/" "Mozilla/5.0 (X11; Linux x86_64) AppleWebKit/537.36 (KHTML, like Gecko) Ubuntu Chromium/58.0.3029.110 Chrome/58.0.3029.110 Safari/537.36"
::1 - - [26/Jun/2017:10:07:03 +0000] "GET /post?name=819937282@qq HTTP/1.1" 200 117 "http://localhost:8080/" "Mozilla/5.0 (X11; Linux x86_64) AppleWebKit/537.36 (KHTML, like Gecko) Ubuntu Chromium/58.0.3029.110 Chrome/58.0.3029.110 Safari/537.36"
::1 - - [26/Jun/2017:10:07:05 +0000] "GET /logout HTTP/1.1" 304 - "http://localhost:8080/" "Mozilla/5.0 (X11; Linux x86_64) AppleWebKit/537.36 (KHTML, like Gecko) Ubuntu Chromium/58.0.3029.110 Chrome/58.0.3029.110 Safari/537.36"
::1 - - [26/Jun/2017:10:07:05 +0000] "GET /post HTTP/1.1" 200 204 "http://localhost:8080/" "Mozilla/5.0 (X11; Linux x86_64) AppleWebKit/537.36 (KHTML, like Gecko) Ubuntu Chromium/58.0.3029.110 Chrome/58.0.3029.110 Safari/537.36"
::1 - - [07/Sep/2017:10:39:09 +0000] "GET /post?name= HTTP/1.1" 200 22 "http://localhost:8080/" "Mozilla/5.0 (X11; Linux x86_64) AppleWebKit/537.36 (KHTML, like Gecko) Ubuntu Chromium/60.0.3112.113 Chrome/60.0.3112.113 Safari/537.36"
::1 - - [07/Sep/2017:10:40:01 +0000] "OPTIONS /reg HTTP/1.1" 200 4 "http://localhost:8080/" "Mozilla/5.0 (X11; Linux x86_64) AppleWebKit/537.36 (KHTML, like Gecko) Ubuntu Chromium/60.0.3112.113 Chrome/60.0.3112.113 Safari/537.36"
::1 - - [07/Sep/2017:10:40:01 +0000] "POST /reg HTTP/1.1" 200 11 "http://localhost:8080/" "Mozilla/5.0 (X11; Linux x86_64) AppleWebKit/537.36 (KHTML, like Gecko) Ubuntu Chromium/60.0.3112.113 Chrome/60.0.3112.113 Safari/537.36"
::1 - - [07/Sep/2017:10:40:01 +0000] "GET /post?name=819937282@qq.com HTTP/1.1" 200 22 "http://localhost:8080/" "Mozilla/5.0 (X11; Linux x86_64) AppleWebKit/537.36 (KHTML, like Gecko) Ubuntu Chromium/60.0.3112.113 Chrome/60.0.3112.113 Safari/537.36"
::1 - - [07/Sep/2017:10:40:07 +0000] "OPTIONS /post HTTP/1.1" 200 13 "http://localhost:8080/" "Mozilla/5.0 (X11; Linux x86_64) AppleWebKit/537.36 (KHTML, like Gecko) Ubuntu Chromium/60.0.3112.113 Chrome/60.0.3112.113 Safari/537.36"
::1 - - [07/Sep/2017:10:40:07 +0000] "POST /post HTTP/1.1" 200 11 "http://localhost:8080/" "Mozilla/5.0 (X11; Linux x86_64) AppleWebKit/537.36 (KHTML, like Gecko) Ubuntu Chromium/60.0.3112.113 Chrome/60.0.3112.113 Safari/537.36"
::1 - - [07/Sep/2017:10:40:07 +0000] "GET /post?name=819937282@qq.com HTTP/1.1" 200 109 "http://localhost:8080/" "Mozilla/5.0 (X11; Linux x86_64) AppleWebKit/537.36 (KHTML, like Gecko) Ubuntu Chromium/60.0.3112.113 Chrome/60.0.3112.113 Safari/537.36"
::1 - - [07/Sep/2017:10:40:12 +0000] "GET /logout HTTP/1.1" 200 27 "http://localhost:8080/" "Mozilla/5.0 (X11; Linux x86_64) AppleWebKit/537.36 (KHTML, like Gecko) Ubuntu Chromium/60.0.3112.113 Chrome/60.0.3112.113 Safari/537.36"
::1 - - [07/Sep/2017:10:40:12 +0000] "GET /post HTTP/1.1" 200 109 "http://localhost:8080/" "Mozilla/5.0 (X11; Linux x86_64) AppleWebKit/537.36 (KHTML, like Gecko) Ubuntu Chromium/60.0.3112.113 Chrome/60.0.3112.113 Safari/537.36"
::1 - - [07/Sep/2017:10:40:29 +0000] "OPTIONS /reg HTTP/1.1" 200 4 "http://localhost:8080/" "Mozilla/5.0 (X11; Linux x86_64) AppleWebKit/537.36 (KHTML, like Gecko) Ubuntu Chromium/60.0.3112.113 Chrome/60.0.3112.113 Safari/537.36"
::1 - - [07/Sep/2017:10:40:29 +0000] "POST /reg HTTP/1.1" 200 11 "http://localhost:8080/" "Mozilla/5.0 (X11; Linux x86_64) AppleWebKit/537.36 (KHTML, like Gecko) Ubuntu Chromium/60.0.3112.113 Chrome/60.0.3112.113 Safari/537.36"
::1 - - [07/Sep/2017:10:40:29 +0000] "GET /post?name=819937@qq.com HTTP/1.1" 200 22 "http://localhost:8080/" "Mozilla/5.0 (X11; Linux x86_64) AppleWebKit/537.36 (KHTML, like Gecko) Ubuntu Chromium/60.0.3112.113 Chrome/60.0.3112.113 Safari/537.36"
::1 - - [07/Sep/2017:10:40:33 +0000] "OPTIONS /post HTTP/1.1" 200 13 "http://localhost:8080/" "Mozilla/5.0 (X11; Linux x86_64) AppleWebKit/537.36 (KHTML, like Gecko) Ubuntu Chromium/60.0.3112.113 Chrome/60.0.3112.113 Safari/537.36"
::1 - - [07/Sep/2017:10:40:33 +0000] "POST /post HTTP/1.1" 200 11 "http://localhost:8080/" "Mozilla/5.0 (X11; Linux x86_64) AppleWebKit/537.36 (KHTML, like Gecko) Ubuntu Chromium/60.0.3112.113 Chrome/60.0.3112.113 Safari/537.36"
::1 - - [07/Sep/2017:10:40:34 +0000] "GET /post?name=819937@qq.com HTTP/1.1" 200 102 "http://localhost:8080/" "Mozilla/5.0 (X11; Linux x86_64) AppleWebKit/537.36 (KHTML, like Gecko) Ubuntu Chromium/60.0.3112.113 Chrome/60.0.3112.113 Safari/537.36"
::1 - - [07/Sep/2017:10:40:36 +0000] "GET /logout HTTP/1.1" 304 - "http://localhost:8080/" "Mozilla/5.0 (X11; Linux x86_64) AppleWebKit/537.36 (KHTML, like Gecko) Ubuntu Chromium/60.0.3112.113 Chrome/60.0.3112.113 Safari/537.36"
::1 - - [07/Sep/2017:10:40:36 +0000] "GET /post HTTP/1.1" 200 190 "http://localhost:8080/" "Mozilla/5.0 (X11; Linux x86_64) AppleWebKit/537.36 (KHTML, like Gecko) Ubuntu Chromium/60.0.3112.113 Chrome/60.0.3112.113 Safari/537.36"
::1 - - [07/Sep/2017:10:41:49 +0000] "GET /post?name= HTTP/1.1" 200 190 "http://localhost:8080/" "Mozilla/5.0 (X11; Linux x86_64) AppleWebKit/537.36 (KHTML, like Gecko) Ubuntu Chromium/60.0.3112.113 Chrome/60.0.3112.113 Safari/537.36"
::1 - - [07/Sep/2017:10:42:08 +0000] "GET /post?name= HTTP/1.1" 200 190 "http://localhost:8080/" "Mozilla/5.0 (X11; Linux x86_64) AppleWebKit/537.36 (KHTML, like Gecko) Ubuntu Chromium/60.0.3112.113 Chrome/60.0.3112.113 Safari/537.36"
::1 - - [18/Sep/2017:12:39:59 +0000] "GET / HTTP/1.1" 404 139 "-" "Mozilla/5.0 (X11; Linux x86_64) AppleWebKit/537.36 (KHTML, like Gecko) Ubuntu Chromium/60.0.3112.113 Chrome/60.0.3112.113 Safari/537.36"
::1 - - [18/Sep/2017:12:39:59 +0000] "GET /favicon.ico HTTP/1.1" 404 150 "http://localhost:8090/" "Mozilla/5.0 (X11; Linux x86_64) AppleWebKit/537.36 (KHTML, like Gecko) Ubuntu Chromium/60.0.3112.113 Chrome/60.0.3112.113 Safari/537.36"
::1 - - [18/Sep/2017:12:40:09 +0000] "GET /post?name= HTTP/1.1" 200 22 "http://localhost:8080/" "Mozilla/5.0 (X11; Linux x86_64) AppleWebKit/537.36 (KHTML, like Gecko) Ubuntu Chromium/60.0.3112.113 Chrome/60.0.3112.113 Safari/537.36"
::1 - - [18/Sep/2017:12:45:38 +0000] "GET /post?name= HTTP/1.1" 304 - "http://localhost:8080/" "Mozilla/5.0 (X11; Linux x86_64) AppleWebKit/537.36 (KHTML, like Gecko) Ubuntu Chromium/60.0.3112.113 Chrome/60.0.3112.113 Safari/537.36"
::1 - - [18/Oct/2017:09:22:02 +0000] "GET /admin HTTP/1.1" 301 169 "-" "Mozilla/5.0 (X11; Linux x86_64) AppleWebKit/537.36 (KHTML, like Gecko) Ubuntu Chromium/61.0.3163.100 Chrome/61.0.3163.100 Safari/537.36"
::1 - - [18/Oct/2017:09:22:02 +0000] "GET /admin/ HTTP/1.1" 200 528 "-" "Mozilla/5.0 (X11; Linux x86_64) AppleWebKit/537.36 (KHTML, like Gecko) Ubuntu Chromium/61.0.3163.100 Chrome/61.0.3163.100 Safari/537.36"
::1 - - [18/Oct/2017:09:22:02 +0000] "GET /static/css/app.44e55d340645d088b37d403bcf5c162a.css HTTP/1.1" 404 190 "http://localhost:8090/admin/" "Mozilla/5.0 (X11; Linux x86_64) AppleWebKit/537.36 (KHTML, like Gecko) Ubuntu Chromium/61.0.3163.100 Chrome/61.0.3163.100 Safari/537.36"
::1 - - [18/Oct/2017:09:22:02 +0000] "GET /static/js/manifest.0e6018dcb829f53786e5.js HTTP/1.1" 404 181 "http://localhost:8090/admin/" "Mozilla/5.0 (X11; Linux x86_64) AppleWebKit/537.36 (KHTML, like Gecko) Ubuntu Chromium/61.0.3163.100 Chrome/61.0.3163.100 Safari/537.36"
::1 - - [18/Oct/2017:09:22:02 +0000] "GET /static/js/vendor.9de53abfbea90ce36e6b.js HTTP/1.1" 404 179 "http://localhost:8090/admin/" "Mozilla/5.0 (X11; Linux x86_64) AppleWebKit/537.36 (KHTML, like Gecko) Ubuntu Chromium/61.0.3163.100 Chrome/61.0.3163.100 Safari/537.36"
::1 - - [18/Oct/2017:09:22:02 +0000] "GET /static/js/app.b9f10147cef69d0cf4ab.js HTTP/1.1" 404 176 "http://localhost:8090/admin/" "Mozilla/5.0 (X11; Linux x86_64) AppleWebKit/537.36 (KHTML, like Gecko) Ubuntu Chromium/61.0.3163.100 Chrome/61.0.3163.100 Safari/537.36"
::1 - - [18/Oct/2017:09:22:02 +0000] "GET /static/js/vendor.9de53abfbea90ce36e6b.js HTTP/1.1" 404 179 "http://localhost:8090/admin/" "Mozilla/5.0 (X11; Linux x86_64) AppleWebKit/537.36 (KHTML, like Gecko) Ubuntu Chromium/61.0.3163.100 Chrome/61.0.3163.100 Safari/537.36"
::1 - - [18/Oct/2017:09:22:02 +0000] "GET /static/js/app.b9f10147cef69d0cf4ab.js HTTP/1.1" 404 176 "http://localhost:8090/admin/" "Mozilla/5.0 (X11; Linux x86_64) AppleWebKit/537.36 (KHTML, like Gecko) Ubuntu Chromium/61.0.3163.100 Chrome/61.0.3163.100 Safari/537.36"
::1 - - [18/Oct/2017:09:22:02 +0000] "GET /favicon.ico HTTP/1.1" 404 150 "http://localhost:8090/admin/" "Mozilla/5.0 (X11; Linux x86_64) AppleWebKit/537.36 (KHTML, like Gecko) Ubuntu Chromium/61.0.3163.100 Chrome/61.0.3163.100 Safari/537.36"
::1 - - [18/Oct/2017:09:22:21 +0000] "GET /static/css/app.44e55d340645d088b37d403bcf5c162a.css HTTP/1.1" 404 190 "http://localhost:8090/admin/" "Mozilla/5.0 (X11; Linux x86_64) AppleWebKit/537.36 (KHTML, like Gecko) Ubuntu Chromium/61.0.3163.100 Chrome/61.0.3163.100 Safari/537.36"
::1 - - [18/Oct/2017:09:22:23 +0000] "GET /admin/ HTTP/1.1" 304 - "-" "Mozilla/5.0 (X11; Linux x86_64) AppleWebKit/537.36 (KHTML, like Gecko) Ubuntu Chromium/61.0.3163.100 Chrome/61.0.3163.100 Safari/537.36"
::1 - - [18/Oct/2017:09:22:23 +0000] "GET /static/css/app.44e55d340645d088b37d403bcf5c162a.css HTTP/1.1" 404 190 "http://localhost:8090/admin/" "Mozilla/5.0 (X11; Linux x86_64) AppleWebKit/537.36 (KHTML, like Gecko) Ubuntu Chromium/61.0.3163.100 Chrome/61.0.3163.100 Safari/537.36"
::1 - - [18/Oct/2017:09:22:23 +0000] "GET /static/js/manifest.0e6018dcb829f53786e5.js HTTP/1.1" 404 181 "http://localhost:8090/admin/" "Mozilla/5.0 (X11; Linux x86_64) AppleWebKit/537.36 (KHTML, like Gecko) Ubuntu Chromium/61.0.3163.100 Chrome/61.0.3163.100 Safari/537.36"
::1 - - [18/Oct/2017:09:22:23 +0000] "GET /static/js/vendor.9de53abfbea90ce36e6b.js HTTP/1.1" 404 179 "http://localhost:8090/admin/" "Mozilla/5.0 (X11; Linux x86_64) AppleWebKit/537.36 (KHTML, like Gecko) Ubuntu Chromium/61.0.3163.100 Chrome/61.0.3163.100 Safari/537.36"
::1 - - [18/Oct/2017:09:22:23 +0000] "GET /static/js/app.b9f10147cef69d0cf4ab.js HTTP/1.1" 404 176 "http://localhost:8090/admin/" "Mozilla/5.0 (X11; Linux x86_64) AppleWebKit/537.36 (KHTML, like Gecko) Ubuntu Chromium/61.0.3163.100 Chrome/61.0.3163.100 Safari/537.36"
::1 - - [18/Oct/2017:09:22:23 +0000] "GET /static/js/app.b9f10147cef69d0cf4ab.js HTTP/1.1" 404 176 "http://localhost:8090/admin/" "Mozilla/5.0 (X11; Linux x86_64) AppleWebKit/537.36 (KHTML, like Gecko) Ubuntu Chromium/61.0.3163.100 Chrome/61.0.3163.100 Safari/537.36"
::1 - - [18/Oct/2017:09:23:18 +0000] "GET /admin/ HTTP/1.1" 200 533 "-" "Mozilla/5.0 (X11; Linux x86_64) AppleWebKit/537.36 (KHTML, like Gecko) Ubuntu Chromium/61.0.3163.100 Chrome/61.0.3163.100 Safari/537.36"
::1 - - [18/Oct/2017:09:23:18 +0000] "GET /admin/static/css/app.44e55d340645d088b37d403bcf5c162a.css HTTP/1.1" 200 169984 "http://localhost:8090/admin/" "Mozilla/5.0 (X11; Linux x86_64) AppleWebKit/537.36 (KHTML, like Gecko) Ubuntu Chromium/61.0.3163.100 Chrome/61.0.3163.100 Safari/537.36"
::1 - - [18/Oct/2017:09:23:18 +0000] "GET /admin/static/js/manifest.0e6018dcb829f53786e5.js HTTP/1.1" 200 1511 "http://localhost:8090/admin/" "Mozilla/5.0 (X11; Linux x86_64) AppleWebKit/537.36 (KHTML, like Gecko) Ubuntu Chromium/61.0.3163.100 Chrome/61.0.3163.100 Safari/537.36"
::1 - - [18/Oct/2017:09:23:18 +0000] "GET /admin/static/js/app.b9f10147cef69d0cf4ab.js HTTP/1.1" 200 11097 "http://localhost:8090/admin/" "Mozilla/5.0 (X11; Linux x86_64) AppleWebKit/537.36 (KHTML, like Gecko) Ubuntu Chromium/61.0.3163.100 Chrome/61.0.3163.100 Safari/537.36"
::1 - - [18/Oct/2017:09:23:18 +0000] "GET /admin/static/js/vendor.9de53abfbea90ce36e6b.js HTTP/1.1" 200 139419 "http://localhost:8090/admin/" "Mozilla/5.0 (X11; Linux x86_64) AppleWebKit/537.36 (KHTML, like Gecko) Ubuntu Chromium/61.0.3163.100 Chrome/61.0.3163.100 Safari/537.36"
::1 - - [18/Oct/2017:09:23:18 +0000] "GET /post?name= HTTP/1.1" 200 22 "http://localhost:8090/admin/" "Mozilla/5.0 (X11; Linux x86_64) AppleWebKit/537.36 (KHTML, like Gecko) Ubuntu Chromium/61.0.3163.100 Chrome/61.0.3163.100 Safari/537.36"
::1 - - [18/Oct/2017:09:23:18 +0000] "GET /admin/static/js/manifest.0e6018dcb829f53786e5.js.map HTTP/1.1" 200 14601 "-" "Mozilla/5.0 (X11; Linux x86_64) AppleWebKit/537.36 (KHTML, like Gecko) Ubuntu Chromium/61.0.3163.100 Chrome/61.0.3163.100 Safari/537.36"
::1 - - [18/Oct/2017:09:23:18 +0000] "GET /admin/static/js/app.b9f10147cef69d0cf4ab.js.map HTTP/1.1" 200 80591 "-" "Mozilla/5.0 (X11; Linux x86_64) AppleWebKit/537.36 (KHTML, like Gecko) Ubuntu Chromium/61.0.3163.100 Chrome/61.0.3163.100 Safari/537.36"
::1 - - [18/Oct/2017:09:23:18 +0000] "GET /admin/static/js/vendor.9de53abfbea90ce36e6b.js.map HTTP/1.1" 200 1109663 "-" "Mozilla/5.0 (X11; Linux x86_64) AppleWebKit/537.36 (KHTML, like Gecko) Ubuntu Chromium/61.0.3163.100 Chrome/61.0.3163.100 Safari/537.36"
::1 - - [10/Dec/2017:10:41:58 +0000] "GET / HTTP/1.1" 404 139 "-" "Mozilla/5.0 (X11; Linux x86_64) AppleWebKit/537.36 (KHTML, like Gecko) Ubuntu Chromium/62.0.3202.89 Chrome/62.0.3202.89 Safari/537.36"
::1 - - [10/Dec/2017:10:41:58 +0000] "GET /favicon.ico HTTP/1.1" 404 150 "http://localhost:8090/" "Mozilla/5.0 (X11; Linux x86_64) AppleWebKit/537.36 (KHTML, like Gecko) Ubuntu Chromium/62.0.3202.89 Chrome/62.0.3202.89 Safari/537.36"
::1 - - [10/Dec/2017:10:42:40 +0000] "GET / HTTP/1.1" 200 533 "-" "Mozilla/5.0 (X11; Linux x86_64) AppleWebKit/537.36 (KHTML, like Gecko) Ubuntu Chromium/62.0.3202.89 Chrome/62.0.3202.89 Safari/537.36"
::1 - - [10/Dec/2017:10:42:40 +0000] "GET /static/js/manifest.0e6018dcb829f53786e5.js HTTP/1.1" 200 1511 "http://localhost:8090/" "Mozilla/5.0 (X11; Linux x86_64) AppleWebKit/537.36 (KHTML, like Gecko) Ubuntu Chromium/62.0.3202.89 Chrome/62.0.3202.89 Safari/537.36"
::1 - - [10/Dec/2017:10:42:40 +0000] "GET /static/js/app.b9f10147cef69d0cf4ab.js HTTP/1.1" 200 11097 "http://localhost:8090/" "Mozilla/5.0 (X11; Linux x86_64) AppleWebKit/537.36 (KHTML, like Gecko) Ubuntu Chromium/62.0.3202.89 Chrome/62.0.3202.89 Safari/537.36"
::1 - - [10/Dec/2017:10:42:40 +0000] "GET /static/css/app.44e55d340645d088b37d403bcf5c162a.css HTTP/1.1" 200 169984 "http://localhost:8090/" "Mozilla/5.0 (X11; Linux x86_64) AppleWebKit/537.36 (KHTML, like Gecko) Ubuntu Chromium/62.0.3202.89 Chrome/62.0.3202.89 Safari/537.36"
::1 - - [10/Dec/2017:10:42:40 +0000] "GET /static/js/vendor.9de53abfbea90ce36e6b.js HTTP/1.1" 200 139419 "http://localhost:8090/" "Mozilla/5.0 (X11; Linux x86_64) AppleWebKit/537.36 (KHTML, like Gecko) Ubuntu Chromium/62.0.3202.89 Chrome/62.0.3202.89 Safari/537.36"
::1 - - [10/Dec/2017:10:49:36 +0000] "GET /static/css/app.44e55d340645d088b37d403bcf5c162a.css HTTP/1.1" 304 - "http://localhost:8090/" "Mozilla/5.0 (X11; Linux x86_64) AppleWebKit/537.36 (KHTML, like Gecko) Ubuntu Chromium/62.0.3202.89 Chrome/62.0.3202.89 Safari/537.36"
::1 - - [10/Dec/2017:10:49:36 +0000] "GET /static/js/manifest.0e6018dcb829f53786e5.js.map HTTP/1.1" 200 14601 "-" "Mozilla/5.0 (X11; Linux x86_64) AppleWebKit/537.36 (KHTML, like Gecko) Ubuntu Chromium/62.0.3202.89 Chrome/62.0.3202.89 Safari/537.36"
::1 - - [10/Dec/2017:10:49:36 +0000] "GET /static/js/app.b9f10147cef69d0cf4ab.js.map HTTP/1.1" 200 80591 "-" "Mozilla/5.0 (X11; Linux x86_64) AppleWebKit/537.36 (KHTML, like Gecko) Ubuntu Chromium/62.0.3202.89 Chrome/62.0.3202.89 Safari/537.36"
::1 - - [10/Dec/2017:10:49:36 +0000] "GET /static/js/vendor.9de53abfbea90ce36e6b.js.map HTTP/1.1" 200 1109663 "-" "Mozilla/5.0 (X11; Linux x86_64) AppleWebKit/537.36 (KHTML, like Gecko) Ubuntu Chromium/62.0.3202.89 Chrome/62.0.3202.89 Safari/537.36"
::1 - - [10/Dec/2017:10:56:06 +0000] "GET / HTTP/1.1" 304 - "-" "Mozilla/5.0 (X11; Linux x86_64) AppleWebKit/537.36 (KHTML, like Gecko) Ubuntu Chromium/62.0.3202.89 Chrome/62.0.3202.89 Safari/537.36"
::1 - - [10/Dec/2017:10:56:06 +0000] "GET /static/css/app.44e55d340645d088b37d403bcf5c162a.css HTTP/1.1" 304 - "http://localhost:8090/" "Mozilla/5.0 (X11; Linux x86_64) AppleWebKit/537.36 (KHTML, like Gecko) Ubuntu Chromium/62.0.3202.89 Chrome/62.0.3202.89 Safari/537.36"
::1 - - [10/Dec/2017:10:56:06 +0000] "GET /static/js/manifest.0e6018dcb829f53786e5.js HTTP/1.1" 304 - "http://localhost:8090/" "Mozilla/5.0 (X11; Linux x86_64) AppleWebKit/537.36 (KHTML, like Gecko) Ubuntu Chromium/62.0.3202.89 Chrome/62.0.3202.89 Safari/537.36"
::1 - - [10/Dec/2017:10:56:06 +0000] "GET /static/js/vendor.9de53abfbea90ce36e6b.js HTTP/1.1" 304 - "http://localhost:8090/" "Mozilla/5.0 (X11; Linux x86_64) AppleWebKit/537.36 (KHTML, like Gecko) Ubuntu Chromium/62.0.3202.89 Chrome/62.0.3202.89 Safari/537.36"
::1 - - [10/Dec/2017:10:56:06 +0000] "GET /static/js/app.b9f10147cef69d0cf4ab.js HTTP/1.1" 304 - "http://localhost:8090/" "Mozilla/5.0 (X11; Linux x86_64) AppleWebKit/537.36 (KHTML, like Gecko) Ubuntu Chromium/62.0.3202.89 Chrome/62.0.3202.89 Safari/537.36"
::1 - - [10/Dec/2017:10:56:06 +0000] "GET /static/js/manifest.0e6018dcb829f53786e5.js.map HTTP/1.1" 304 - "-" "Mozilla/5.0 (X11; Linux x86_64) AppleWebKit/537.36 (KHTML, like Gecko) Ubuntu Chromium/62.0.3202.89 Chrome/62.0.3202.89 Safari/537.36"
::1 - - [10/Dec/2017:10:56:06 +0000] "GET /static/js/vendor.9de53abfbea90ce36e6b.js.map HTTP/1.1" 304 - "-" "Mozilla/5.0 (X11; Linux x86_64) AppleWebKit/537.36 (KHTML, like Gecko) Ubuntu Chromium/62.0.3202.89 Chrome/62.0.3202.89 Safari/537.36"
::1 - - [10/Dec/2017:10:56:06 +0000] "GET /static/js/app.b9f10147cef69d0cf4ab.js.map HTTP/1.1" 304 - "-" "Mozilla/5.0 (X11; Linux x86_64) AppleWebKit/537.36 (KHTML, like Gecko) Ubuntu Chromium/62.0.3202.89 Chrome/62.0.3202.89 Safari/537.36"
::1 - - [10/Dec/2017:10:56:20 +0000] "POST /reg HTTP/1.1" 200 11 "http://localhost:8090/" "Mozilla/5.0 (X11; Linux x86_64) AppleWebKit/537.36 (KHTML, like Gecko) Ubuntu Chromium/62.0.3202.89 Chrome/62.0.3202.89 Safari/537.36"
::1 - - [10/Dec/2017:10:58:20 +0000] "GET /post?name=819937282@qq.com HTTP/1.1" - - "http://localhost:8090/" "Mozilla/5.0 (X11; Linux x86_64) AppleWebKit/537.36 (KHTML, like Gecko) Ubuntu Chromium/62.0.3202.89 Chrome/62.0.3202.89 Safari/537.36"
::1 - - [10/Dec/2017:10:58:40 +0000] "GET /post?name=819937282@qq.com HTTP/1.1" - - "http://localhost:8090/" "Mozilla/5.0 (X11; Linux x86_64) AppleWebKit/537.36 (KHTML, like Gecko) Ubuntu Chromium/62.0.3202.89 Chrome/62.0.3202.89 Safari/537.36"
::1 - - [10/Dec/2017:10:58:58 +0000] "GET /logout HTTP/1.1" 200 27 "http://localhost:8090/" "Mozilla/5.0 (X11; Linux x86_64) AppleWebKit/537.36 (KHTML, like Gecko) Ubuntu Chromium/62.0.3202.89 Chrome/62.0.3202.89 Safari/537.36"
::1 - - [10/Dec/2017:10:59:09 +0000] "POST /login HTTP/1.1" 200 36 "http://localhost:8090/" "Mozilla/5.0 (X11; Linux x86_64) AppleWebKit/537.36 (KHTML, like Gecko) Ubuntu Chromium/62.0.3202.89 Chrome/62.0.3202.89 Safari/537.36"
::1 - - [10/Dec/2017:10:59:09 +0000] "GET /?username=819937282%40qq.com&password=qazwsx HTTP/1.1" 200 533 "http://localhost:8090/" "Mozilla/5.0 (X11; Linux x86_64) AppleWebKit/537.36 (KHTML, like Gecko) Ubuntu Chromium/62.0.3202.89 Chrome/62.0.3202.89 Safari/537.36"
::1 - - [10/Dec/2017:10:59:09 +0000] "GET /post?name=819937282@qq.com HTTP/1.1" - - "http://localhost:8090/" "Mozilla/5.0 (X11; Linux x86_64) AppleWebKit/537.36 (KHTML, like Gecko) Ubuntu Chromium/62.0.3202.89 Chrome/62.0.3202.89 Safari/537.36"
::1 - - [10/Dec/2017:10:59:09 +0000] "GET /post?name=819937282@qq.com HTTP/1.1" - - "http://localhost:8090/" "Mozilla/5.0 (X11; Linux x86_64) AppleWebKit/537.36 (KHTML, like Gecko) Ubuntu Chromium/62.0.3202.89 Chrome/62.0.3202.89 Safari/537.36"
::1 - - [10/Dec/2017:10:59:09 +0000] "GET /post HTTP/1.1" - - "http://localhost:8090/" "Mozilla/5.0 (X11; Linux x86_64) AppleWebKit/537.36 (KHTML, like Gecko) Ubuntu Chromium/62.0.3202.89 Chrome/62.0.3202.89 Safari/537.36"
::1 - - [10/Dec/2017:10:59:09 +0000] "GET /static/css/app.44e55d340645d088b37d403bcf5c162a.css HTTP/1.1" 304 - "http://localhost:8090/?username=819937282%40qq.com&password=qazwsx" "Mozilla/5.0 (X11; Linux x86_64) AppleWebKit/537.36 (KHTML, like Gecko) Ubuntu Chromium/62.0.3202.89 Chrome/62.0.3202.89 Safari/537.36"
::1 - - [10/Dec/2017:10:59:09 +0000] "GET /static/js/manifest.0e6018dcb829f53786e5.js HTTP/1.1" 304 - "http://localhost:8090/?username=819937282%40qq.com&password=qazwsx" "Mozilla/5.0 (X11; Linux x86_64) AppleWebKit/537.36 (KHTML, like Gecko) Ubuntu Chromium/62.0.3202.89 Chrome/62.0.3202.89 Safari/537.36"
::1 - - [10/Dec/2017:10:59:09 +0000] "GET /static/js/vendor.9de53abfbea90ce36e6b.js HTTP/1.1" 304 - "http://localhost:8090/?username=819937282%40qq.com&password=qazwsx" "Mozilla/5.0 (X11; Linux x86_64) AppleWebKit/537.36 (KHTML, like Gecko) Ubuntu Chromium/62.0.3202.89 Chrome/62.0.3202.89 Safari/537.36"
::1 - - [10/Dec/2017:10:59:09 +0000] "GET /static/js/app.b9f10147cef69d0cf4ab.js HTTP/1.1" 304 - "http://localhost:8090/?username=819937282%40qq.com&password=qazwsx" "Mozilla/5.0 (X11; Linux x86_64) AppleWebKit/537.36 (KHTML, like Gecko) Ubuntu Chromium/62.0.3202.89 Chrome/62.0.3202.89 Safari/537.36"
::1 - - [10/Dec/2017:10:59:10 +0000] "GET /static/js/manifest.0e6018dcb829f53786e5.js.map HTTP/1.1" 304 - "-" "Mozilla/5.0 (X11; Linux x86_64) AppleWebKit/537.36 (KHTML, like Gecko) Ubuntu Chromium/62.0.3202.89 Chrome/62.0.3202.89 Safari/537.36"
::1 - - [10/Dec/2017:10:59:10 +0000] "GET /static/js/vendor.9de53abfbea90ce36e6b.js.map HTTP/1.1" 304 - "-" "Mozilla/5.0 (X11; Linux x86_64) AppleWebKit/537.36 (KHTML, like Gecko) Ubuntu Chromium/62.0.3202.89 Chrome/62.0.3202.89 Safari/537.36"
::1 - - [10/Dec/2017:10:59:10 +0000] "GET /static/js/app.b9f10147cef69d0cf4ab.js.map HTTP/1.1" 304 - "-" "Mozilla/5.0 (X11; Linux x86_64) AppleWebKit/537.36 (KHTML, like Gecko) Ubuntu Chromium/62.0.3202.89 Chrome/62.0.3202.89 Safari/537.36"
::1 - - [10/Dec/2017:10:59:43 +0000] "POST /login HTTP/1.1" 200 36 "http://localhost:8090/?username=819937282%40qq.com&password=qazwsx" "Mozilla/5.0 (X11; Linux x86_64) AppleWebKit/537.36 (KHTML, like Gecko) Ubuntu Chromium/62.0.3202.89 Chrome/62.0.3202.89 Safari/537.36"
::1 - - [10/Dec/2017:11:00:03 +0000] "GET /?username=819937282%40qq.com&password=qazwsx HTTP/1.1" 304 - "http://localhost:8090/" "Mozilla/5.0 (X11; Linux x86_64) AppleWebKit/537.36 (KHTML, like Gecko) Ubuntu Chromium/62.0.3202.89 Chrome/62.0.3202.89 Safari/537.36"
::1 - - [10/Dec/2017:11:00:03 +0000] "GET /static/css/app.44e55d340645d088b37d403bcf5c162a.css HTTP/1.1" 304 - "http://localhost:8090/?username=819937282%40qq.com&password=qazwsx" "Mozilla/5.0 (X11; Linux x86_64) AppleWebKit/537.36 (KHTML, like Gecko) Ubuntu Chromium/62.0.3202.89 Chrome/62.0.3202.89 Safari/537.36"
::1 - - [10/Dec/2017:11:00:03 +0000] "GET /static/js/manifest.0e6018dcb829f53786e5.js HTTP/1.1" 304 - "http://localhost:8090/?username=819937282%40qq.com&password=qazwsx" "Mozilla/5.0 (X11; Linux x86_64) AppleWebKit/537.36 (KHTML, like Gecko) Ubuntu Chromium/62.0.3202.89 Chrome/62.0.3202.89 Safari/537.36"
::1 - - [10/Dec/2017:11:00:03 +0000] "GET /static/js/vendor.9de53abfbea90ce36e6b.js HTTP/1.1" 304 - "http://localhost:8090/?username=819937282%40qq.com&password=qazwsx" "Mozilla/5.0 (X11; Linux x86_64) AppleWebKit/537.36 (KHTML, like Gecko) Ubuntu Chromium/62.0.3202.89 Chrome/62.0.3202.89 Safari/537.36"
::1 - - [10/Dec/2017:11:00:03 +0000] "GET /static/js/app.b9f10147cef69d0cf4ab.js HTTP/1.1" 304 - "http://localhost:8090/?username=819937282%40qq.com&password=qazwsx" "Mozilla/5.0 (X11; Linux x86_64) AppleWebKit/537.36 (KHTML, like Gecko) Ubuntu Chromium/62.0.3202.89 Chrome/62.0.3202.89 Safari/537.36"
::1 - - [10/Dec/2017:11:00:03 +0000] "GET /static/js/manifest.0e6018dcb829f53786e5.js.map HTTP/1.1" 304 - "-" "Mozilla/5.0 (X11; Linux x86_64) AppleWebKit/537.36 (KHTML, like Gecko) Ubuntu Chromium/62.0.3202.89 Chrome/62.0.3202.89 Safari/537.36"
::1 - - [10/Dec/2017:11:00:03 +0000] "GET /static/js/vendor.9de53abfbea90ce36e6b.js.map HTTP/1.1" 304 - "-" "Mozilla/5.0 (X11; Linux x86_64) AppleWebKit/537.36 (KHTML, like Gecko) Ubuntu Chromium/62.0.3202.89 Chrome/62.0.3202.89 Safari/537.36"
::1 - - [10/Dec/2017:11:00:03 +0000] "GET /static/js/app.b9f10147cef69d0cf4ab.js.map HTTP/1.1" 304 - "-" "Mozilla/5.0 (X11; Linux x86_64) AppleWebKit/537.36 (KHTML, like Gecko) Ubuntu Chromium/62.0.3202.89 Chrome/62.0.3202.89 Safari/537.36"
::1 - - [10/Dec/2017:11:00:14 +0000] "POST /login HTTP/1.1" 200 39 "http://localhost:8090/?username=819937282%40qq.com&password=qazwsx" "Mozilla/5.0 (X11; Linux x86_64) AppleWebKit/537.36 (KHTML, like Gecko) Ubuntu Chromium/62.0.3202.89 Chrome/62.0.3202.89 Safari/537.36"
::1 - - [10/Dec/2017:11:00:14 +0000] "GET /?username=819937282%40qq.co&password=qazwsx HTTP/1.1" 200 533 "http://localhost:8090/?username=819937282%40qq.com&password=qazwsx" "Mozilla/5.0 (X11; Linux x86_64) AppleWebKit/537.36 (KHTML, like Gecko) Ubuntu Chromium/62.0.3202.89 Chrome/62.0.3202.89 Safari/537.36"
::1 - - [10/Dec/2017:11:00:14 +0000] "GET /static/css/app.44e55d340645d088b37d403bcf5c162a.css HTTP/1.1" 304 - "http://localhost:8090/?username=819937282%40qq.co&password=qazwsx" "Mozilla/5.0 (X11; Linux x86_64) AppleWebKit/537.36 (KHTML, like Gecko) Ubuntu Chromium/62.0.3202.89 Chrome/62.0.3202.89 Safari/537.36"
::1 - - [10/Dec/2017:11:00:14 +0000] "GET /static/js/manifest.0e6018dcb829f53786e5.js HTTP/1.1" 304 - "http://localhost:8090/?username=819937282%40qq.co&password=qazwsx" "Mozilla/5.0 (X11; Linux x86_64) AppleWebKit/537.36 (KHTML, like Gecko) Ubuntu Chromium/62.0.3202.89 Chrome/62.0.3202.89 Safari/537.36"
::1 - - [10/Dec/2017:11:00:14 +0000] "GET /static/js/vendor.9de53abfbea90ce36e6b.js HTTP/1.1" 304 - "http://localhost:8090/?username=819937282%40qq.co&password=qazwsx" "Mozilla/5.0 (X11; Linux x86_64) AppleWebKit/537.36 (KHTML, like Gecko) Ubuntu Chromium/62.0.3202.89 Chrome/62.0.3202.89 Safari/537.36"
::1 - - [10/Dec/2017:11:00:14 +0000] "GET /static/js/app.b9f10147cef69d0cf4ab.js HTTP/1.1" 304 - "http://localhost:8090/?username=819937282%40qq.co&password=qazwsx" "Mozilla/5.0 (X11; Linux x86_64) AppleWebKit/537.36 (KHTML, like Gecko) Ubuntu Chromium/62.0.3202.89 Chrome/62.0.3202.89 Safari/537.36"
::1 - - [10/Dec/2017:11:00:15 +0000] "GET /static/js/manifest.0e6018dcb829f53786e5.js.map HTTP/1.1" 304 - "-" "Mozilla/5.0 (X11; Linux x86_64) AppleWebKit/537.36 (KHTML, like Gecko) Ubuntu Chromium/62.0.3202.89 Chrome/62.0.3202.89 Safari/537.36"
::1 - - [10/Dec/2017:11:00:15 +0000] "GET /static/js/vendor.9de53abfbea90ce36e6b.js.map HTTP/1.1" 304 - "-" "Mozilla/5.0 (X11; Linux x86_64) AppleWebKit/537.36 (KHTML, like Gecko) Ubuntu Chromium/62.0.3202.89 Chrome/62.0.3202.89 Safari/537.36"
::1 - - [10/Dec/2017:11:00:15 +0000] "GET /static/js/app.b9f10147cef69d0cf4ab.js.map HTTP/1.1" 304 - "-" "Mozilla/5.0 (X11; Linux x86_64) AppleWebKit/537.36 (KHTML, like Gecko) Ubuntu Chromium/62.0.3202.89 Chrome/62.0.3202.89 Safari/537.36"
::1 - - [10/Dec/2017:11:00:17 +0000] "GET /?username=819937282%40qq.co&password=qazwsx HTTP/1.1" 304 - "http://localhost:8090/?username=819937282%40qq.com&password=qazwsx" "Mozilla/5.0 (X11; Linux x86_64) AppleWebKit/537.36 (KHTML, like Gecko) Ubuntu Chromium/62.0.3202.89 Chrome/62.0.3202.89 Safari/537.36"
::1 - - [10/Dec/2017:11:00:17 +0000] "GET /static/css/app.44e55d340645d088b37d403bcf5c162a.css HTTP/1.1" 304 - "http://localhost:8090/?username=819937282%40qq.co&password=qazwsx" "Mozilla/5.0 (X11; Linux x86_64) AppleWebKit/537.36 (KHTML, like Gecko) Ubuntu Chromium/62.0.3202.89 Chrome/62.0.3202.89 Safari/537.36"
::1 - - [10/Dec/2017:11:00:17 +0000] "GET /static/js/manifest.0e6018dcb829f53786e5.js HTTP/1.1" 304 - "http://localhost:8090/?username=819937282%40qq.co&password=qazwsx" "Mozilla/5.0 (X11; Linux x86_64) AppleWebKit/537.36 (KHTML, like Gecko) Ubuntu Chromium/62.0.3202.89 Chrome/62.0.3202.89 Safari/537.36"
::1 - - [10/Dec/2017:11:00:17 +0000] "GET /static/js/vendor.9de53abfbea90ce36e6b.js HTTP/1.1" 304 - "http://localhost:8090/?username=819937282%40qq.co&password=qazwsx" "Mozilla/5.0 (X11; Linux x86_64) AppleWebKit/537.36 (KHTML, like Gecko) Ubuntu Chromium/62.0.3202.89 Chrome/62.0.3202.89 Safari/537.36"
::1 - - [10/Dec/2017:11:00:17 +0000] "GET /static/js/app.b9f10147cef69d0cf4ab.js HTTP/1.1" 304 - "http://localhost:8090/?username=819937282%40qq.co&password=qazwsx" "Mozilla/5.0 (X11; Linux x86_64) AppleWebKit/537.36 (KHTML, like Gecko) Ubuntu Chromium/62.0.3202.89 Chrome/62.0.3202.89 Safari/537.36"
::1 - - [10/Dec/2017:11:00:17 +0000] "GET /static/js/manifest.0e6018dcb829f53786e5.js.map HTTP/1.1" 304 - "-" "Mozilla/5.0 (X11; Linux x86_64) AppleWebKit/537.36 (KHTML, like Gecko) Ubuntu Chromium/62.0.3202.89 Chrome/62.0.3202.89 Safari/537.36"
::1 - - [10/Dec/2017:11:00:17 +0000] "GET /static/js/vendor.9de53abfbea90ce36e6b.js.map HTTP/1.1" 304 - "-" "Mozilla/5.0 (X11; Linux x86_64) AppleWebKit/537.36 (KHTML, like Gecko) Ubuntu Chromium/62.0.3202.89 Chrome/62.0.3202.89 Safari/537.36"
::1 - - [10/Dec/2017:11:00:17 +0000] "GET /static/js/app.b9f10147cef69d0cf4ab.js.map HTTP/1.1" 304 - "-" "Mozilla/5.0 (X11; Linux x86_64) AppleWebKit/537.36 (KHTML, like Gecko) Ubuntu Chromium/62.0.3202.89 Chrome/62.0.3202.89 Safari/537.36"
::1 - - [10/Dec/2017:11:00:41 +0000] "POST /login HTTP/1.1" 200 41 "http://localhost:8090/?username=819937282%40qq.co&password=qazwsx" "Mozilla/5.0 (X11; Linux x86_64) AppleWebKit/537.36 (KHTML, like Gecko) Ubuntu Chromium/62.0.3202.89 Chrome/62.0.3202.89 Safari/537.36"
::1 - - [10/Dec/2017:11:00:41 +0000] "GET /?username=819937282%40qq.com&password=qaz123 HTTP/1.1" 200 533 "http://localhost:8090/?username=819937282%40qq.co&password=qazwsx" "Mozilla/5.0 (X11; Linux x86_64) AppleWebKit/537.36 (KHTML, like Gecko) Ubuntu Chromium/62.0.3202.89 Chrome/62.0.3202.89 Safari/537.36"
::1 - - [10/Dec/2017:11:00:46 +0000] "POST /post HTTP/1.1" 200 150 "http://localhost:8090/?username=819937282%40qq.co&password=qazwsx" "Mozilla/5.0 (X11; Linux x86_64) AppleWebKit/537.36 (KHTML, like Gecko) Ubuntu Chromium/62.0.3202.89 Chrome/62.0.3202.89 Safari/537.36"
::1 - - [10/Dec/2017:11:01:11 +0000] "GET /?username=819937282%40qq.co&password=qazwsx HTTP/1.1" 304 - "http://localhost:8090/?username=819937282%40qq.com&password=qazwsx" "Mozilla/5.0 (X11; Linux x86_64) AppleWebKit/537.36 (KHTML, like Gecko) Ubuntu Chromium/62.0.3202.89 Chrome/62.0.3202.89 Safari/537.36"
::1 - - [10/Dec/2017:11:01:11 +0000] "GET /post?name=819937282@qq.com HTTP/1.1" - - "http://localhost:8090/?username=819937282%40qq.co&password=qazwsx" "Mozilla/5.0 (X11; Linux x86_64) AppleWebKit/537.36 (KHTML, like Gecko) Ubuntu Chromium/62.0.3202.89 Chrome/62.0.3202.89 Safari/537.36"
::1 - - [10/Dec/2017:11:01:11 +0000] "GET /post?name=819937282@qq.com HTTP/1.1" - - "http://localhost:8090/?username=819937282%40qq.co&password=qazwsx" "Mozilla/5.0 (X11; Linux x86_64) AppleWebKit/537.36 (KHTML, like Gecko) Ubuntu Chromium/62.0.3202.89 Chrome/62.0.3202.89 Safari/537.36"
::1 - - [10/Dec/2017:11:01:11 +0000] "GET /post?name=819937282@qq.com HTTP/1.1" - - "http://localhost:8090/?username=819937282%40qq.co&password=qazwsx" "Mozilla/5.0 (X11; Linux x86_64) AppleWebKit/537.36 (KHTML, like Gecko) Ubuntu Chromium/62.0.3202.89 Chrome/62.0.3202.89 Safari/537.36"
::1 - - [10/Dec/2017:11:01:11 +0000] "GET /static/js/manifest.0e6018dcb829f53786e5.js HTTP/1.1" 304 - "http://localhost:8090/?username=819937282%40qq.co&password=qazwsx" "Mozilla/5.0 (X11; Linux x86_64) AppleWebKit/537.36 (KHTML, like Gecko) Ubuntu Chromium/62.0.3202.89 Chrome/62.0.3202.89 Safari/537.36"
::1 - - [10/Dec/2017:11:01:11 +0000] "GET /static/js/vendor.9de53abfbea90ce36e6b.js HTTP/1.1" 304 - "http://localhost:8090/?username=819937282%40qq.co&password=qazwsx" "Mozilla/5.0 (X11; Linux x86_64) AppleWebKit/537.36 (KHTML, like Gecko) Ubuntu Chromium/62.0.3202.89 Chrome/62.0.3202.89 Safari/537.36"
::1 - - [10/Dec/2017:11:01:11 +0000] "GET /static/css/app.44e55d340645d088b37d403bcf5c162a.css HTTP/1.1" 304 - "http://localhost:8090/?username=819937282%40qq.co&password=qazwsx" "Mozilla/5.0 (X11; Linux x86_64) AppleWebKit/537.36 (KHTML, like Gecko) Ubuntu Chromium/62.0.3202.89 Chrome/62.0.3202.89 Safari/537.36"
::1 - - [10/Dec/2017:11:01:11 +0000] "GET /static/js/app.b9f10147cef69d0cf4ab.js HTTP/1.1" 304 - "http://localhost:8090/?username=819937282%40qq.co&password=qazwsx" "Mozilla/5.0 (X11; Linux x86_64) AppleWebKit/537.36 (KHTML, like Gecko) Ubuntu Chromium/62.0.3202.89 Chrome/62.0.3202.89 Safari/537.36"
::1 - - [10/Dec/2017:11:01:11 +0000] "GET /static/js/manifest.0e6018dcb829f53786e5.js.map HTTP/1.1" 304 - "-" "Mozilla/5.0 (X11; Linux x86_64) AppleWebKit/537.36 (KHTML, like Gecko) Ubuntu Chromium/62.0.3202.89 Chrome/62.0.3202.89 Safari/537.36"
::1 - - [10/Dec/2017:11:01:11 +0000] "GET /static/js/app.b9f10147cef69d0cf4ab.js.map HTTP/1.1" 304 - "-" "Mozilla/5.0 (X11; Linux x86_64) AppleWebKit/537.36 (KHTML, like Gecko) Ubuntu Chromium/62.0.3202.89 Chrome/62.0.3202.89 Safari/537.36"
::1 - - [10/Dec/2017:11:01:11 +0000] "GET /static/js/vendor.9de53abfbea90ce36e6b.js.map HTTP/1.1" 304 - "-" "Mozilla/5.0 (X11; Linux x86_64) AppleWebKit/537.36 (KHTML, like Gecko) Ubuntu Chromium/62.0.3202.89 Chrome/62.0.3202.89 Safari/537.36"
::1 - - [10/Dec/2017:11:01:18 +0000] "GET / HTTP/1.1" 304 - "-" "Mozilla/5.0 (X11; Linux x86_64) AppleWebKit/537.36 (KHTML, like Gecko) Ubuntu Chromium/62.0.3202.89 Chrome/62.0.3202.89 Safari/537.36"
::1 - - [10/Dec/2017:11:01:18 +0000] "GET /post?name= HTTP/1.1" - - "http://localhost:8090/?username=819937282%40qq.co&password=qazwsx" "Mozilla/5.0 (X11; Linux x86_64) AppleWebKit/537.36 (KHTML, like Gecko) Ubuntu Chromium/62.0.3202.89 Chrome/62.0.3202.89 Safari/537.36"
::1 - - [10/Dec/2017:11:01:18 +0000] "GET /static/css/app.44e55d340645d088b37d403bcf5c162a.css HTTP/1.1" 304 - "http://localhost:8090/" "Mozilla/5.0 (X11; Linux x86_64) AppleWebKit/537.36 (KHTML, like Gecko) Ubuntu Chromium/62.0.3202.89 Chrome/62.0.3202.89 Safari/537.36"
::1 - - [10/Dec/2017:11:01:18 +0000] "GET /static/js/vendor.9de53abfbea90ce36e6b.js HTTP/1.1" 304 - "http://localhost:8090/" "Mozilla/5.0 (X11; Linux x86_64) AppleWebKit/537.36 (KHTML, like Gecko) Ubuntu Chromium/62.0.3202.89 Chrome/62.0.3202.89 Safari/537.36"
::1 - - [10/Dec/2017:11:01:18 +0000] "GET /static/js/manifest.0e6018dcb829f53786e5.js HTTP/1.1" 304 - "http://localhost:8090/" "Mozilla/5.0 (X11; Linux x86_64) AppleWebKit/537.36 (KHTML, like Gecko) Ubuntu Chromium/62.0.3202.89 Chrome/62.0.3202.89 Safari/537.36"
::1 - - [10/Dec/2017:11:01:18 +0000] "GET /static/js/app.b9f10147cef69d0cf4ab.js HTTP/1.1" 304 - "http://localhost:8090/" "Mozilla/5.0 (X11; Linux x86_64) AppleWebKit/537.36 (KHTML, like Gecko) Ubuntu Chromium/62.0.3202.89 Chrome/62.0.3202.89 Safari/537.36"
::1 - - [10/Dec/2017:11:01:18 +0000] "GET /static/js/manifest.0e6018dcb829f53786e5.js.map HTTP/1.1" 304 - "-" "Mozilla/5.0 (X11; Linux x86_64) AppleWebKit/537.36 (KHTML, like Gecko) Ubuntu Chromium/62.0.3202.89 Chrome/62.0.3202.89 Safari/537.36"
::1 - - [10/Dec/2017:11:01:18 +0000] "GET /static/js/vendor.9de53abfbea90ce36e6b.js.map HTTP/1.1" 304 - "-" "Mozilla/5.0 (X11; Linux x86_64) AppleWebKit/537.36 (KHTML, like Gecko) Ubuntu Chromium/62.0.3202.89 Chrome/62.0.3202.89 Safari/537.36"
::1 - - [10/Dec/2017:11:01:18 +0000] "GET /static/js/app.b9f10147cef69d0cf4ab.js.map HTTP/1.1" 304 - "-" "Mozilla/5.0 (X11; Linux x86_64) AppleWebKit/537.36 (KHTML, like Gecko) Ubuntu Chromium/62.0.3202.89 Chrome/62.0.3202.89 Safari/537.36"
::1 - - [10/Dec/2017:11:01:27 +0000] "POST /login HTTP/1.1" 200 41 "http://localhost:8090/" "Mozilla/5.0 (X11; Linux x86_64) AppleWebKit/537.36 (KHTML, like Gecko) Ubuntu Chromium/62.0.3202.89 Chrome/62.0.3202.89 Safari/537.36"
::1 - - [10/Dec/2017:11:01:27 +0000] "GET /?username=819937282%40qq.com&password=qaz123 HTTP/1.1" 200 533 "http://localhost:8090/" "Mozilla/5.0 (X11; Linux x86_64) AppleWebKit/537.36 (KHTML, like Gecko) Ubuntu Chromium/62.0.3202.89 Chrome/62.0.3202.89 Safari/537.36"
::1 - - [10/Dec/2017:11:03:18 +0000] "GET /post?name= HTTP/1.1" - - "http://localhost:8090/" "Mozilla/5.0 (X11; Linux x86_64) AppleWebKit/537.36 (KHTML, like Gecko) Ubuntu Chromium/62.0.3202.89 Chrome/62.0.3202.89 Safari/537.36"
::1 - - [10/Dec/2017:11:03:27 +0000] "GET /post?name=819937282@qq.com HTTP/1.1" - - "http://localhost:8090/" "Mozilla/5.0 (X11; Linux x86_64) AppleWebKit/537.36 (KHTML, like Gecko) Ubuntu Chromium/62.0.3202.89 Chrome/62.0.3202.89 Safari/537.36"
::1 - - [10/Dec/2017:11:04:03 +0000] "GET / HTTP/1.1" 304 - "-" "Mozilla/5.0 (X11; Linux x86_64) AppleWebKit/537.36 (KHTML, like Gecko) Ubuntu Chromium/62.0.3202.89 Chrome/62.0.3202.89 Safari/537.36"
::1 - - [10/Dec/2017:11:04:03 +0000] "GET /static/css/app.44e55d340645d088b37d403bcf5c162a.css HTTP/1.1" 304 - "http://localhost:8090/" "Mozilla/5.0 (X11; Linux x86_64) AppleWebKit/537.36 (KHTML, like Gecko) Ubuntu Chromium/62.0.3202.89 Chrome/62.0.3202.89 Safari/537.36"
::1 - - [10/Dec/2017:11:04:03 +0000] "GET /static/js/manifest.0e6018dcb829f53786e5.js HTTP/1.1" 304 - "http://localhost:8090/" "Mozilla/5.0 (X11; Linux x86_64) AppleWebKit/537.36 (KHTML, like Gecko) Ubuntu Chromium/62.0.3202.89 Chrome/62.0.3202.89 Safari/537.36"
::1 - - [10/Dec/2017:11:04:03 +0000] "GET /static/js/vendor.9de53abfbea90ce36e6b.js HTTP/1.1" 304 - "http://localhost:8090/" "Mozilla/5.0 (X11; Linux x86_64) AppleWebKit/537.36 (KHTML, like Gecko) Ubuntu Chromium/62.0.3202.89 Chrome/62.0.3202.89 Safari/537.36"
::1 - - [10/Dec/2017:11:04:03 +0000] "GET /static/js/app.b9f10147cef69d0cf4ab.js HTTP/1.1" 304 - "http://localhost:8090/" "Mozilla/5.0 (X11; Linux x86_64) AppleWebKit/537.36 (KHTML, like Gecko) Ubuntu Chromium/62.0.3202.89 Chrome/62.0.3202.89 Safari/537.36"
::1 - - [10/Dec/2017:11:04:04 +0000] "GET /static/js/manifest.0e6018dcb829f53786e5.js.map HTTP/1.1" 304 - "-" "Mozilla/5.0 (X11; Linux x86_64) AppleWebKit/537.36 (KHTML, like Gecko) Ubuntu Chromium/62.0.3202.89 Chrome/62.0.3202.89 Safari/537.36"
::1 - - [10/Dec/2017:11:04:04 +0000] "GET /static/js/vendor.9de53abfbea90ce36e6b.js.map HTTP/1.1" 304 - "-" "Mozilla/5.0 (X11; Linux x86_64) AppleWebKit/537.36 (KHTML, like Gecko) Ubuntu Chromium/62.0.3202.89 Chrome/62.0.3202.89 Safari/537.36"
::1 - - [10/Dec/2017:11:04:04 +0000] "GET /static/js/app.b9f10147cef69d0cf4ab.js.map HTTP/1.1" 304 - "-" "Mozilla/5.0 (X11; Linux x86_64) AppleWebKit/537.36 (KHTML, like Gecko) Ubuntu Chromium/62.0.3202.89 Chrome/62.0.3202.89 Safari/537.36"
::1 - - [10/Dec/2017:11:04:12 +0000] "GET /?username=819937282%40qq.com&password=qaz123 HTTP/1.1" 200 533 "http://localhost:8090/" "Mozilla/5.0 (X11; Linux x86_64) AppleWebKit/537.36 (KHTML, like Gecko) Ubuntu Chromium/62.0.3202.89 Chrome/62.0.3202.89 Safari/537.36"
::1 - - [10/Dec/2017:11:04:12 +0000] "GET /post?name= HTTP/1.1" - - "http://localhost:8090/" "Mozilla/5.0 (X11; Linux x86_64) AppleWebKit/537.36 (KHTML, like Gecko) Ubuntu Chromium/62.0.3202.89 Chrome/62.0.3202.89 Safari/537.36"
::1 - - [10/Dec/2017:11:04:12 +0000] "POST /login HTTP/1.1" 200 41 "http://localhost:8090/" "Mozilla/5.0 (X11; Linux x86_64) AppleWebKit/537.36 (KHTML, like Gecko) Ubuntu Chromium/62.0.3202.89 Chrome/62.0.3202.89 Safari/537.36"
::1 - - [10/Dec/2017:11:04:12 +0000] "GET /static/css/app.44e55d340645d088b37d403bcf5c162a.css HTTP/1.1" 304 - "http://localhost:8090/?username=819937282%40qq.com&password=qaz123" "Mozilla/5.0 (X11; Linux x86_64) AppleWebKit/537.36 (KHTML, like Gecko) Ubuntu Chromium/62.0.3202.89 Chrome/62.0.3202.89 Safari/537.36"
::1 - - [10/Dec/2017:11:04:12 +0000] "GET /static/js/manifest.0e6018dcb829f53786e5.js HTTP/1.1" 304 - "http://localhost:8090/?username=819937282%40qq.com&password=qaz123" "Mozilla/5.0 (X11; Linux x86_64) AppleWebKit/537.36 (KHTML, like Gecko) Ubuntu Chromium/62.0.3202.89 Chrome/62.0.3202.89 Safari/537.36"
::1 - - [10/Dec/2017:11:04:12 +0000] "GET /static/js/vendor.9de53abfbea90ce36e6b.js HTTP/1.1" 304 - "http://localhost:8090/?username=819937282%40qq.com&password=qaz123" "Mozilla/5.0 (X11; Linux x86_64) AppleWebKit/537.36 (KHTML, like Gecko) Ubuntu Chromium/62.0.3202.89 Chrome/62.0.3202.89 Safari/537.36"
::1 - - [10/Dec/2017:11:04:12 +0000] "GET /static/js/app.b9f10147cef69d0cf4ab.js HTTP/1.1" 304 - "http://localhost:8090/?username=819937282%40qq.com&password=qaz123" "Mozilla/5.0 (X11; Linux x86_64) AppleWebKit/537.36 (KHTML, like Gecko) Ubuntu Chromium/62.0.3202.89 Chrome/62.0.3202.89 Safari/537.36"
::1 - - [10/Dec/2017:11:04:12 +0000] "GET /static/js/manifest.0e6018dcb829f53786e5.js.map HTTP/1.1" 304 - "-" "Mozilla/5.0 (X11; Linux x86_64) AppleWebKit/537.36 (KHTML, like Gecko) Ubuntu Chromium/62.0.3202.89 Chrome/62.0.3202.89 Safari/537.36"
::1 - - [10/Dec/2017:11:04:12 +0000] "GET /static/js/vendor.9de53abfbea90ce36e6b.js.map HTTP/1.1" 304 - "-" "Mozilla/5.0 (X11; Linux x86_64) AppleWebKit/537.36 (KHTML, like Gecko) Ubuntu Chromium/62.0.3202.89 Chrome/62.0.3202.89 Safari/537.36"
::1 - - [10/Dec/2017:11:04:12 +0000] "GET /static/js/app.b9f10147cef69d0cf4ab.js.map HTTP/1.1" 304 - "-" "Mozilla/5.0 (X11; Linux x86_64) AppleWebKit/537.36 (KHTML, like Gecko) Ubuntu Chromium/62.0.3202.89 Chrome/62.0.3202.89 Safari/537.36"
::1 - - [10/Dec/2017:11:04:55 +0000] "GET /?username=819937282%40qq.com&password=qaz123 HTTP/1.1" 304 - "http://localhost:8090/" "Mozilla/5.0 (X11; Linux x86_64) AppleWebKit/537.36 (KHTML, like Gecko) Ubuntu Chromium/62.0.3202.89 Chrome/62.0.3202.89 Safari/537.36"
::1 - - [10/Dec/2017:11:04:56 +0000] "GET /static/css/app.44e55d340645d088b37d403bcf5c162a.css HTTP/1.1" 304 - "http://localhost:8090/?username=819937282%40qq.com&password=qaz123" "Mozilla/5.0 (X11; Linux x86_64) AppleWebKit/537.36 (KHTML, like Gecko) Ubuntu Chromium/62.0.3202.89 Chrome/62.0.3202.89 Safari/537.36"
::1 - - [10/Dec/2017:11:04:56 +0000] "GET /static/js/manifest.0e6018dcb829f53786e5.js HTTP/1.1" 304 - "http://localhost:8090/?username=819937282%40qq.com&password=qaz123" "Mozilla/5.0 (X11; Linux x86_64) AppleWebKit/537.36 (KHTML, like Gecko) Ubuntu Chromium/62.0.3202.89 Chrome/62.0.3202.89 Safari/537.36"
::1 - - [10/Dec/2017:11:04:56 +0000] "GET /static/js/vendor.9de53abfbea90ce36e6b.js HTTP/1.1" 304 - "http://localhost:8090/?username=819937282%40qq.com&password=qaz123" "Mozilla/5.0 (X11; Linux x86_64) AppleWebKit/537.36 (KHTML, like Gecko) Ubuntu Chromium/62.0.3202.89 Chrome/62.0.3202.89 Safari/537.36"
::1 - - [10/Dec/2017:11:04:56 +0000] "GET /static/js/app.b9f10147cef69d0cf4ab.js HTTP/1.1" 304 - "http://localhost:8090/?username=819937282%40qq.com&password=qaz123" "Mozilla/5.0 (X11; Linux x86_64) AppleWebKit/537.36 (KHTML, like Gecko) Ubuntu Chromium/62.0.3202.89 Chrome/62.0.3202.89 Safari/537.36"
::1 - - [10/Dec/2017:11:04:56 +0000] "GET /static/js/manifest.0e6018dcb829f53786e5.js.map HTTP/1.1" 304 - "-" "Mozilla/5.0 (X11; Linux x86_64) AppleWebKit/537.36 (KHTML, like Gecko) Ubuntu Chromium/62.0.3202.89 Chrome/62.0.3202.89 Safari/537.36"
::1 - - [10/Dec/2017:11:04:56 +0000] "GET /static/js/vendor.9de53abfbea90ce36e6b.js.map HTTP/1.1" 304 - "-" "Mozilla/5.0 (X11; Linux x86_64) AppleWebKit/537.36 (KHTML, like Gecko) Ubuntu Chromium/62.0.3202.89 Chrome/62.0.3202.89 Safari/537.36"
::1 - - [10/Dec/2017:11:04:56 +0000] "GET /static/js/app.b9f10147cef69d0cf4ab.js.map HTTP/1.1" 304 - "-" "Mozilla/5.0 (X11; Linux x86_64) AppleWebKit/537.36 (KHTML, like Gecko) Ubuntu Chromium/62.0.3202.89 Chrome/62.0.3202.89 Safari/537.36"
::1 - - [10/Dec/2017:11:05:03 +0000] "POST /login HTTP/1.1" 200 41 "http://localhost:8090/?username=819937282%40qq.com&password=qaz123" "Mozilla/5.0 (X11; Linux x86_64) AppleWebKit/537.36 (KHTML, like Gecko) Ubuntu Chromium/62.0.3202.89 Chrome/62.0.3202.89 Safari/537.36"
::1 - - [10/Dec/2017:11:06:01 +0000] "POST /post HTTP/1.1" 200 147 "http://localhost:8090/?username=819937282%40qq.com&password=qaz123" "Mozilla/5.0 (X11; Linux x86_64) AppleWebKit/537.36 (KHTML, like Gecko) Ubuntu Chromium/62.0.3202.89 Chrome/62.0.3202.89 Safari/537.36"
::1 - - [10/Dec/2017:11:07:03 +0000] "GET /post?name=819937282@qq.com HTTP/1.1" - - "http://localhost:8090/?username=819937282%40qq.com&password=qaz123" "Mozilla/5.0 (X11; Linux x86_64) AppleWebKit/537.36 (KHTML, like Gecko) Ubuntu Chromium/62.0.3202.89 Chrome/62.0.3202.89 Safari/537.36"
::1 - - [10/Dec/2017:11:07:24 +0000] "GET /post?name=819937282@qq.com HTTP/1.1" - - "http://localhost:8090/?username=819937282%40qq.com&password=qaz123" "Mozilla/5.0 (X11; Linux x86_64) AppleWebKit/537.36 (KHTML, like Gecko) Ubuntu Chromium/62.0.3202.89 Chrome/62.0.3202.89 Safari/537.36"
::1 - - [10/Dec/2017:11:08:21 +0000] "GET /post?name=819937282@qq.com HTTP/1.1" - - "http://localhost:8090/?username=819937282%40qq.com&password=qaz123" "Mozilla/5.0 (X11; Linux x86_64) AppleWebKit/537.36 (KHTML, like Gecko) Ubuntu Chromium/62.0.3202.89 Chrome/62.0.3202.89 Safari/537.36"
::1 - - [10/Dec/2017:11:08:31 +0000] "GET /?username=819937282%40qq.com&password=qaz123 HTTP/1.1" 304 - "http://localhost:8090/" "Mozilla/5.0 (X11; Linux x86_64) AppleWebKit/537.36 (KHTML, like Gecko) Ubuntu Chromium/62.0.3202.89 Chrome/62.0.3202.89 Safari/537.36"
::1 - - [10/Dec/2017:11:08:31 +0000] "GET /static/css/app.44e55d340645d088b37d403bcf5c162a.css HTTP/1.1" 304 - "http://localhost:8090/?username=819937282%40qq.com&password=qaz123" "Mozilla/5.0 (X11; Linux x86_64) AppleWebKit/537.36 (KHTML, like Gecko) Ubuntu Chromium/62.0.3202.89 Chrome/62.0.3202.89 Safari/537.36"
::1 - - [10/Dec/2017:11:08:31 +0000] "GET /static/js/manifest.0e6018dcb829f53786e5.js HTTP/1.1" 304 - "http://localhost:8090/?username=819937282%40qq.com&password=qaz123" "Mozilla/5.0 (X11; Linux x86_64) AppleWebKit/537.36 (KHTML, like Gecko) Ubuntu Chromium/62.0.3202.89 Chrome/62.0.3202.89 Safari/537.36"
::1 - - [10/Dec/2017:11:08:32 +0000] "GET /static/js/vendor.9de53abfbea90ce36e6b.js HTTP/1.1" 304 - "http://localhost:8090/?username=819937282%40qq.com&password=qaz123" "Mozilla/5.0 (X11; Linux x86_64) AppleWebKit/537.36 (KHTML, like Gecko) Ubuntu Chromium/62.0.3202.89 Chrome/62.0.3202.89 Safari/537.36"
::1 - - [10/Dec/2017:11:08:32 +0000] "GET /static/js/app.b9f10147cef69d0cf4ab.js HTTP/1.1" 304 - "http://localhost:8090/?username=819937282%40qq.com&password=qaz123" "Mozilla/5.0 (X11; Linux x86_64) AppleWebKit/537.36 (KHTML, like Gecko) Ubuntu Chromium/62.0.3202.89 Chrome/62.0.3202.89 Safari/537.36"
::1 - - [10/Dec/2017:11:08:32 +0000] "GET /static/js/manifest.0e6018dcb829f53786e5.js.map HTTP/1.1" 304 - "-" "Mozilla/5.0 (X11; Linux x86_64) AppleWebKit/537.36 (KHTML, like Gecko) Ubuntu Chromium/62.0.3202.89 Chrome/62.0.3202.89 Safari/537.36"
::1 - - [10/Dec/2017:11:08:32 +0000] "GET /static/js/vendor.9de53abfbea90ce36e6b.js.map HTTP/1.1" 304 - "-" "Mozilla/5.0 (X11; Linux x86_64) AppleWebKit/537.36 (KHTML, like Gecko) Ubuntu Chromium/62.0.3202.89 Chrome/62.0.3202.89 Safari/537.36"
::1 - - [10/Dec/2017:11:08:32 +0000] "GET /static/js/app.b9f10147cef69d0cf4ab.js.map HTTP/1.1" 304 - "-" "Mozilla/5.0 (X11; Linux x86_64) AppleWebKit/537.36 (KHTML, like Gecko) Ubuntu Chromium/62.0.3202.89 Chrome/62.0.3202.89 Safari/537.36"
::1 - - [10/Dec/2017:11:10:24 +0000] "GET /?username=819937282%40qq.com&password=qaz123 HTTP/1.1" 304 - "http://localhost:8090/" "Mozilla/5.0 (X11; Linux x86_64) AppleWebKit/537.36 (KHTML, like Gecko) Ubuntu Chromium/62.0.3202.89 Chrome/62.0.3202.89 Safari/537.36"
::1 - - [10/Dec/2017:11:10:24 +0000] "GET /static/css/app.44e55d340645d088b37d403bcf5c162a.css HTTP/1.1" 304 - "http://localhost:8090/?username=819937282%40qq.com&password=qaz123" "Mozilla/5.0 (X11; Linux x86_64) AppleWebKit/537.36 (KHTML, like Gecko) Ubuntu Chromium/62.0.3202.89 Chrome/62.0.3202.89 Safari/537.36"
::1 - - [10/Dec/2017:11:10:24 +0000] "GET /static/js/manifest.0e6018dcb829f53786e5.js HTTP/1.1" 304 - "http://localhost:8090/?username=819937282%40qq.com&password=qaz123" "Mozilla/5.0 (X11; Linux x86_64) AppleWebKit/537.36 (KHTML, like Gecko) Ubuntu Chromium/62.0.3202.89 Chrome/62.0.3202.89 Safari/537.36"
::1 - - [10/Dec/2017:11:10:24 +0000] "GET /static/js/vendor.9de53abfbea90ce36e6b.js HTTP/1.1" 304 - "http://localhost:8090/?username=819937282%40qq.com&password=qaz123" "Mozilla/5.0 (X11; Linux x86_64) AppleWebKit/537.36 (KHTML, like Gecko) Ubuntu Chromium/62.0.3202.89 Chrome/62.0.3202.89 Safari/537.36"
::1 - - [10/Dec/2017:11:10:24 +0000] "GET /static/js/app.b9f10147cef69d0cf4ab.js HTTP/1.1" 304 - "http://localhost:8090/?username=819937282%40qq.com&password=qaz123" "Mozilla/5.0 (X11; Linux x86_64) AppleWebKit/537.36 (KHTML, like Gecko) Ubuntu Chromium/62.0.3202.89 Chrome/62.0.3202.89 Safari/537.36"
::1 - - [10/Dec/2017:11:10:24 +0000] "GET /static/js/manifest.0e6018dcb829f53786e5.js.map HTTP/1.1" 304 - "-" "Mozilla/5.0 (X11; Linux x86_64) AppleWebKit/537.36 (KHTML, like Gecko) Ubuntu Chromium/62.0.3202.89 Chrome/62.0.3202.89 Safari/537.36"
::1 - - [10/Dec/2017:11:10:24 +0000] "GET /static/js/vendor.9de53abfbea90ce36e6b.js.map HTTP/1.1" 304 - "-" "Mozilla/5.0 (X11; Linux x86_64) AppleWebKit/537.36 (KHTML, like Gecko) Ubuntu Chromium/62.0.3202.89 Chrome/62.0.3202.89 Safari/537.36"
::1 - - [10/Dec/2017:11:10:24 +0000] "GET /static/js/app.b9f10147cef69d0cf4ab.js.map HTTP/1.1" 304 - "-" "Mozilla/5.0 (X11; Linux x86_64) AppleWebKit/537.36 (KHTML, like Gecko) Ubuntu Chromium/62.0.3202.89 Chrome/62.0.3202.89 Safari/537.36"
::1 - - [10/Dec/2017:11:10:30 +0000] "GET /?username=&password= HTTP/1.1" 200 533 "http://localhost:8090/?username=819937282%40qq.com&password=qaz123" "Mozilla/5.0 (X11; Linux x86_64) AppleWebKit/537.36 (KHTML, like Gecko) Ubuntu Chromium/62.0.3202.89 Chrome/62.0.3202.89 Safari/537.36"
::1 - - [10/Dec/2017:11:10:30 +0000] "POST /login HTTP/1.1" 200 39 "http://localhost:8090/?username=819937282%40qq.com&password=qaz123" "Mozilla/5.0 (X11; Linux x86_64) AppleWebKit/537.36 (KHTML, like Gecko) Ubuntu Chromium/62.0.3202.89 Chrome/62.0.3202.89 Safari/537.36"
::1 - - [10/Dec/2017:11:10:30 +0000] "GET /static/css/app.44e55d340645d088b37d403bcf5c162a.css HTTP/1.1" 304 - "http://localhost:8090/?username=&password=" "Mozilla/5.0 (X11; Linux x86_64) AppleWebKit/537.36 (KHTML, like Gecko) Ubuntu Chromium/62.0.3202.89 Chrome/62.0.3202.89 Safari/537.36"
::1 - - [10/Dec/2017:11:10:30 +0000] "GET /static/js/manifest.0e6018dcb829f53786e5.js HTTP/1.1" 304 - "http://localhost:8090/?username=&password=" "Mozilla/5.0 (X11; Linux x86_64) AppleWebKit/537.36 (KHTML, like Gecko) Ubuntu Chromium/62.0.3202.89 Chrome/62.0.3202.89 Safari/537.36"
::1 - - [10/Dec/2017:11:10:30 +0000] "GET /static/js/vendor.9de53abfbea90ce36e6b.js HTTP/1.1" 304 - "http://localhost:8090/?username=&password=" "Mozilla/5.0 (X11; Linux x86_64) AppleWebKit/537.36 (KHTML, like Gecko) Ubuntu Chromium/62.0.3202.89 Chrome/62.0.3202.89 Safari/537.36"
::1 - - [10/Dec/2017:11:10:30 +0000] "GET /static/js/app.b9f10147cef69d0cf4ab.js HTTP/1.1" 304 - "http://localhost:8090/?username=&password=" "Mozilla/5.0 (X11; Linux x86_64) AppleWebKit/537.36 (KHTML, like Gecko) Ubuntu Chromium/62.0.3202.89 Chrome/62.0.3202.89 Safari/537.36"
::1 - - [10/Dec/2017:11:10:30 +0000] "GET /static/js/manifest.0e6018dcb829f53786e5.js.map HTTP/1.1" 304 - "-" "Mozilla/5.0 (X11; Linux x86_64) AppleWebKit/537.36 (KHTML, like Gecko) Ubuntu Chromium/62.0.3202.89 Chrome/62.0.3202.89 Safari/537.36"
::1 - - [10/Dec/2017:11:10:30 +0000] "GET /static/js/vendor.9de53abfbea90ce36e6b.js.map HTTP/1.1" 304 - "-" "Mozilla/5.0 (X11; Linux x86_64) AppleWebKit/537.36 (KHTML, like Gecko) Ubuntu Chromium/62.0.3202.89 Chrome/62.0.3202.89 Safari/537.36"
::1 - - [10/Dec/2017:11:10:30 +0000] "GET /static/js/app.b9f10147cef69d0cf4ab.js.map HTTP/1.1" 304 - "-" "Mozilla/5.0 (X11; Linux x86_64) AppleWebKit/537.36 (KHTML, like Gecko) Ubuntu Chromium/62.0.3202.89 Chrome/62.0.3202.89 Safari/537.36"
::1 - - [10/Dec/2017:11:10:37 +0000] "GET /?username=819937282%40qq.com&password=qaz123 HTTP/1.1" 304 - "http://localhost:8090/?username=&password=" "Mozilla/5.0 (X11; Linux x86_64) AppleWebKit/537.36 (KHTML, like Gecko) Ubuntu Chromium/62.0.3202.89 Chrome/62.0.3202.89 Safari/537.36"
::1 - - [10/Dec/2017:11:10:37 +0000] "POST /login HTTP/1.1" 200 41 "http://localhost:8090/?username=&password=" "Mozilla/5.0 (X11; Linux x86_64) AppleWebKit/537.36 (KHTML, like Gecko) Ubuntu Chromium/62.0.3202.89 Chrome/62.0.3202.89 Safari/537.36"
::1 - - [10/Dec/2017:11:10:57 +0000] "GET / HTTP/1.1" 304 - "-" "Mozilla/5.0 (X11; Linux x86_64) AppleWebKit/537.36 (KHTML, like Gecko) Ubuntu Chromium/62.0.3202.89 Chrome/62.0.3202.89 Safari/537.36"
::1 - - [10/Dec/2017:11:10:57 +0000] "GET /post?name=819937282@qq.com HTTP/1.1" - - "http://localhost:8090/?username=&password=" "Mozilla/5.0 (X11; Linux x86_64) AppleWebKit/537.36 (KHTML, like Gecko) Ubuntu Chromium/62.0.3202.89 Chrome/62.0.3202.89 Safari/537.36"
::1 - - [10/Dec/2017:11:10:57 +0000] "GET /static/css/app.44e55d340645d088b37d403bcf5c162a.css HTTP/1.1" 304 - "http://localhost:8090/" "Mozilla/5.0 (X11; Linux x86_64) AppleWebKit/537.36 (KHTML, like Gecko) Ubuntu Chromium/62.0.3202.89 Chrome/62.0.3202.89 Safari/537.36"
::1 - - [10/Dec/2017:11:10:57 +0000] "GET /static/js/manifest.0e6018dcb829f53786e5.js HTTP/1.1" 304 - "http://localhost:8090/" "Mozilla/5.0 (X11; Linux x86_64) AppleWebKit/537.36 (KHTML, like Gecko) Ubuntu Chromium/62.0.3202.89 Chrome/62.0.3202.89 Safari/537.36"
::1 - - [10/Dec/2017:11:10:57 +0000] "GET /static/js/vendor.9de53abfbea90ce36e6b.js HTTP/1.1" 304 - "http://localhost:8090/" "Mozilla/5.0 (X11; Linux x86_64) AppleWebKit/537.36 (KHTML, like Gecko) Ubuntu Chromium/62.0.3202.89 Chrome/62.0.3202.89 Safari/537.36"
::1 - - [10/Dec/2017:11:10:57 +0000] "GET /static/js/app.b9f10147cef69d0cf4ab.js HTTP/1.1" 304 - "http://localhost:8090/" "Mozilla/5.0 (X11; Linux x86_64) AppleWebKit/537.36 (KHTML, like Gecko) Ubuntu Chromium/62.0.3202.89 Chrome/62.0.3202.89 Safari/537.36"
::1 - - [10/Dec/2017:11:10:57 +0000] "GET /static/js/manifest.0e6018dcb829f53786e5.js.map HTTP/1.1" 304 - "-" "Mozilla/5.0 (X11; Linux x86_64) AppleWebKit/537.36 (KHTML, like Gecko) Ubuntu Chromium/62.0.3202.89 Chrome/62.0.3202.89 Safari/537.36"
::1 - - [10/Dec/2017:11:10:57 +0000] "GET /static/js/vendor.9de53abfbea90ce36e6b.js.map HTTP/1.1" 304 - "-" "Mozilla/5.0 (X11; Linux x86_64) AppleWebKit/537.36 (KHTML, like Gecko) Ubuntu Chromium/62.0.3202.89 Chrome/62.0.3202.89 Safari/537.36"
::1 - - [10/Dec/2017:11:10:57 +0000] "GET /static/js/app.b9f10147cef69d0cf4ab.js.map HTTP/1.1" 304 - "-" "Mozilla/5.0 (X11; Linux x86_64) AppleWebKit/537.36 (KHTML, like Gecko) Ubuntu Chromium/62.0.3202.89 Chrome/62.0.3202.89 Safari/537.36"
::1 - - [10/Dec/2017:11:11:05 +0000] "GET /?username=819937282%40qq.com&password=qaz123 HTTP/1.1" 304 - "http://localhost:8090/" "Mozilla/5.0 (X11; Linux x86_64) AppleWebKit/537.36 (KHTML, like Gecko) Ubuntu Chromium/62.0.3202.89 Chrome/62.0.3202.89 Safari/537.36"
::1 - - [10/Dec/2017:11:11:05 +0000] "POST /login HTTP/1.1" 200 41 "http://localhost:8090/" "Mozilla/5.0 (X11; Linux x86_64) AppleWebKit/537.36 (KHTML, like Gecko) Ubuntu Chromium/62.0.3202.89 Chrome/62.0.3202.89 Safari/537.36"
::1 - - [10/Dec/2017:11:12:57 +0000] "GET /post?name= HTTP/1.1" - - "http://localhost:8090/" "Mozilla/5.0 (X11; Linux x86_64) AppleWebKit/537.36 (KHTML, like Gecko) Ubuntu Chromium/62.0.3202.89 Chrome/62.0.3202.89 Safari/537.36"
::1 - - [10/Dec/2017:11:13:05 +0000] "GET /post?name=819937282@qq.com HTTP/1.1" - - "http://localhost:8090/" "Mozilla/5.0 (X11; Linux x86_64) AppleWebKit/537.36 (KHTML, like Gecko) Ubuntu Chromium/62.0.3202.89 Chrome/62.0.3202.89 Safari/537.36"
::1 - - [10/Dec/2017:11:14:57 +0000] "GET /post?name= HTTP/1.1" - - "http://localhost:8090/" "Mozilla/5.0 (X11; Linux x86_64) AppleWebKit/537.36 (KHTML, like Gecko) Ubuntu Chromium/62.0.3202.89 Chrome/62.0.3202.89 Safari/537.36"
::1 - - [10/Dec/2017:11:15:05 +0000] "GET /post?name=819937282@qq.com HTTP/1.1" - - "http://localhost:8090/" "Mozilla/5.0 (X11; Linux x86_64) AppleWebKit/537.36 (KHTML, like Gecko) Ubuntu Chromium/62.0.3202.89 Chrome/62.0.3202.89 Safari/537.36"
::1 - - [10/Dec/2017:11:16:12 +0000] "GET / HTTP/1.1" 304 - "-" "Mozilla/5.0 (X11; Linux x86_64) AppleWebKit/537.36 (KHTML, like Gecko) Ubuntu Chromium/62.0.3202.89 Chrome/62.0.3202.89 Safari/537.36"
::1 - - [10/Dec/2017:11:16:12 +0000] "GET /static/css/app.44e55d340645d088b37d403bcf5c162a.css HTTP/1.1" 304 - "http://localhost:8090/" "Mozilla/5.0 (X11; Linux x86_64) AppleWebKit/537.36 (KHTML, like Gecko) Ubuntu Chromium/62.0.3202.89 Chrome/62.0.3202.89 Safari/537.36"
::1 - - [10/Dec/2017:11:16:12 +0000] "GET /static/js/manifest.0e6018dcb829f53786e5.js HTTP/1.1" 304 - "http://localhost:8090/" "Mozilla/5.0 (X11; Linux x86_64) AppleWebKit/537.36 (KHTML, like Gecko) Ubuntu Chromium/62.0.3202.89 Chrome/62.0.3202.89 Safari/537.36"
::1 - - [10/Dec/2017:11:16:12 +0000] "GET /static/js/vendor.9de53abfbea90ce36e6b.js HTTP/1.1" 304 - "http://localhost:8090/" "Mozilla/5.0 (X11; Linux x86_64) AppleWebKit/537.36 (KHTML, like Gecko) Ubuntu Chromium/62.0.3202.89 Chrome/62.0.3202.89 Safari/537.36"
::1 - - [10/Dec/2017:11:16:12 +0000] "GET /static/js/app.b9f10147cef69d0cf4ab.js HTTP/1.1" 304 - "http://localhost:8090/" "Mozilla/5.0 (X11; Linux x86_64) AppleWebKit/537.36 (KHTML, like Gecko) Ubuntu Chromium/62.0.3202.89 Chrome/62.0.3202.89 Safari/537.36"
::1 - - [10/Dec/2017:11:16:12 +0000] "GET /static/js/manifest.0e6018dcb829f53786e5.js.map HTTP/1.1" 304 - "-" "Mozilla/5.0 (X11; Linux x86_64) AppleWebKit/537.36 (KHTML, like Gecko) Ubuntu Chromium/62.0.3202.89 Chrome/62.0.3202.89 Safari/537.36"
::1 - - [10/Dec/2017:11:16:12 +0000] "GET /static/js/vendor.9de53abfbea90ce36e6b.js.map HTTP/1.1" 304 - "-" "Mozilla/5.0 (X11; Linux x86_64) AppleWebKit/537.36 (KHTML, like Gecko) Ubuntu Chromium/62.0.3202.89 Chrome/62.0.3202.89 Safari/537.36"
::1 - - [10/Dec/2017:11:16:13 +0000] "GET /post?name= HTTP/1.1" 200 118 "http://localhost:8090/" "Mozilla/5.0 (X11; Linux x86_64) AppleWebKit/537.36 (KHTML, like Gecko) Ubuntu Chromium/62.0.3202.89 Chrome/62.0.3202.89 Safari/537.36"
::1 - - [10/Dec/2017:11:16:13 +0000] "GET /static/js/app.b9f10147cef69d0cf4ab.js.map HTTP/1.1" 304 - "-" "Mozilla/5.0 (X11; Linux x86_64) AppleWebKit/537.36 (KHTML, like Gecko) Ubuntu Chromium/62.0.3202.89 Chrome/62.0.3202.89 Safari/537.36"
::1 - - [10/Dec/2017:11:22:07 +0000] "GET / HTTP/1.1" 304 - "-" "Mozilla/5.0 (X11; Linux x86_64) AppleWebKit/537.36 (KHTML, like Gecko) Ubuntu Chromium/62.0.3202.89 Chrome/62.0.3202.89 Safari/537.36"
::1 - - [10/Dec/2017:11:22:07 +0000] "GET /static/css/app.44e55d340645d088b37d403bcf5c162a.css HTTP/1.1" 304 - "http://localhost:8090/" "Mozilla/5.0 (X11; Linux x86_64) AppleWebKit/537.36 (KHTML, like Gecko) Ubuntu Chromium/62.0.3202.89 Chrome/62.0.3202.89 Safari/537.36"
::1 - - [10/Dec/2017:11:22:07 +0000] "GET /static/js/manifest.0e6018dcb829f53786e5.js HTTP/1.1" 304 - "http://localhost:8090/" "Mozilla/5.0 (X11; Linux x86_64) AppleWebKit/537.36 (KHTML, like Gecko) Ubuntu Chromium/62.0.3202.89 Chrome/62.0.3202.89 Safari/537.36"
::1 - - [10/Dec/2017:11:22:07 +0000] "GET /static/js/vendor.9de53abfbea90ce36e6b.js HTTP/1.1" 304 - "http://localhost:8090/" "Mozilla/5.0 (X11; Linux x86_64) AppleWebKit/537.36 (KHTML, like Gecko) Ubuntu Chromium/62.0.3202.89 Chrome/62.0.3202.89 Safari/537.36"
::1 - - [10/Dec/2017:11:22:07 +0000] "GET /static/js/app.b9f10147cef69d0cf4ab.js HTTP/1.1" 304 - "http://localhost:8090/" "Mozilla/5.0 (X11; Linux x86_64) AppleWebKit/537.36 (KHTML, like Gecko) Ubuntu Chromium/62.0.3202.89 Chrome/62.0.3202.89 Safari/537.36"
::1 - - [10/Dec/2017:11:22:07 +0000] "GET /static/js/manifest.0e6018dcb829f53786e5.js.map HTTP/1.1" 304 - "-" "Mozilla/5.0 (X11; Linux x86_64) AppleWebKit/537.36 (KHTML, like Gecko) Ubuntu Chromium/62.0.3202.89 Chrome/62.0.3202.89 Safari/537.36"
::1 - - [10/Dec/2017:11:22:07 +0000] "GET /static/js/vendor.9de53abfbea90ce36e6b.js.map HTTP/1.1" 304 - "-" "Mozilla/5.0 (X11; Linux x86_64) AppleWebKit/537.36 (KHTML, like Gecko) Ubuntu Chromium/62.0.3202.89 Chrome/62.0.3202.89 Safari/537.36"
::1 - - [10/Dec/2017:11:22:07 +0000] "GET /post?name= HTTP/1.1" 304 - "http://localhost:8090/" "Mozilla/5.0 (X11; Linux x86_64) AppleWebKit/537.36 (KHTML, like Gecko) Ubuntu Chromium/62.0.3202.89 Chrome/62.0.3202.89 Safari/537.36"
::1 - - [10/Dec/2017:11:22:07 +0000] "GET /static/js/app.b9f10147cef69d0cf4ab.js.map HTTP/1.1" 304 - "-" "Mozilla/5.0 (X11; Linux x86_64) AppleWebKit/537.36 (KHTML, like Gecko) Ubuntu Chromium/62.0.3202.89 Chrome/62.0.3202.89 Safari/537.36"
::1 - - [10/Dec/2017:11:22:08 +0000] "GET / HTTP/1.1" 304 - "-" "Mozilla/5.0 (X11; Linux x86_64) AppleWebKit/537.36 (KHTML, like Gecko) Ubuntu Chromium/62.0.3202.89 Chrome/62.0.3202.89 Safari/537.36"
::1 - - [10/Dec/2017:11:22:08 +0000] "GET /static/css/app.44e55d340645d088b37d403bcf5c162a.css HTTP/1.1" 304 - "http://localhost:8090/" "Mozilla/5.0 (X11; Linux x86_64) AppleWebKit/537.36 (KHTML, like Gecko) Ubuntu Chromium/62.0.3202.89 Chrome/62.0.3202.89 Safari/537.36"
::1 - - [10/Dec/2017:11:22:08 +0000] "GET /static/js/manifest.0e6018dcb829f53786e5.js HTTP/1.1" 304 - "http://localhost:8090/" "Mozilla/5.0 (X11; Linux x86_64) AppleWebKit/537.36 (KHTML, like Gecko) Ubuntu Chromium/62.0.3202.89 Chrome/62.0.3202.89 Safari/537.36"
::1 - - [10/Dec/2017:11:22:08 +0000] "GET /static/js/vendor.9de53abfbea90ce36e6b.js HTTP/1.1" 304 - "http://localhost:8090/" "Mozilla/5.0 (X11; Linux x86_64) AppleWebKit/537.36 (KHTML, like Gecko) Ubuntu Chromium/62.0.3202.89 Chrome/62.0.3202.89 Safari/537.36"
::1 - - [10/Dec/2017:11:22:08 +0000] "GET /static/js/app.b9f10147cef69d0cf4ab.js HTTP/1.1" 304 - "http://localhost:8090/" "Mozilla/5.0 (X11; Linux x86_64) AppleWebKit/537.36 (KHTML, like Gecko) Ubuntu Chromium/62.0.3202.89 Chrome/62.0.3202.89 Safari/537.36"
::1 - - [10/Dec/2017:11:22:08 +0000] "GET /post?name= HTTP/1.1" 304 - "http://localhost:8090/" "Mozilla/5.0 (X11; Linux x86_64) AppleWebKit/537.36 (KHTML, like Gecko) Ubuntu Chromium/62.0.3202.89 Chrome/62.0.3202.89 Safari/537.36"
::1 - - [10/Dec/2017:11:22:08 +0000] "GET /static/js/manifest.0e6018dcb829f53786e5.js.map HTTP/1.1" 304 - "-" "Mozilla/5.0 (X11; Linux x86_64) AppleWebKit/537.36 (KHTML, like Gecko) Ubuntu Chromium/62.0.3202.89 Chrome/62.0.3202.89 Safari/537.36"
::1 - - [10/Dec/2017:11:22:08 +0000] "GET /static/js/vendor.9de53abfbea90ce36e6b.js.map HTTP/1.1" 304 - "-" "Mozilla/5.0 (X11; Linux x86_64) AppleWebKit/537.36 (KHTML, like Gecko) Ubuntu Chromium/62.0.3202.89 Chrome/62.0.3202.89 Safari/537.36"
::1 - - [10/Dec/2017:11:22:08 +0000] "GET /static/js/app.b9f10147cef69d0cf4ab.js.map HTTP/1.1" 304 - "-" "Mozilla/5.0 (X11; Linux x86_64) AppleWebKit/537.36 (KHTML, like Gecko) Ubuntu Chromium/62.0.3202.89 Chrome/62.0.3202.89 Safari/537.36"
