[Sun Dec 10 2017 18:42:40 GMT+0800 (CST)]/post?name=
TypeError: Post.find(...).sort(...).toArray is not a function
    at /media/yue/newDisk/node/node-blog/route/index.js:99:37
    at Layer.handle [as handle_request] (/media/yue/newDisk/node/node-blog/node_modules/express/lib/router/layer.js:95:5)
    at next (/media/yue/newDisk/node/node-blog/node_modules/express/lib/router/route.js:137:13)
    at Route.dispatch (/media/yue/newDisk/node/node-blog/node_modules/express/lib/router/route.js:112:3)
    at Layer.handle [as handle_request] (/media/yue/newDisk/node/node-blog/node_modules/express/lib/router/layer.js:95:5)
    at /media/yue/newDisk/node/node-blog/node_modules/express/lib/router/index.js:281:22
    at param (/media/yue/newDisk/node/node-blog/node_modules/express/lib/router/index.js:354:14)
    at param (/media/yue/newDisk/node/node-blog/node_modules/express/lib/router/index.js:365:14)
    at Function.process_params (/media/yue/newDisk/node/node-blog/node_modules/express/lib/router/index.js:410:3)
    at next (/media/yue/newDisk/node/node-blog/node_modules/express/lib/router/index.js:275:10)
    at Function.handle (/media/yue/newDisk/node/node-blog/node_modules/express/lib/router/index.js:174:3)
    at router (/media/yue/newDisk/node/node-blog/node_modules/express/lib/router/index.js:47:12)
    at Layer.handle [as handle_request] (/media/yue/newDisk/node/node-blog/node_modules/express/lib/router/layer.js:95:5)
    at trim_prefix (/media/yue/newDisk/node/node-blog/node_modules/express/lib/router/index.js:317:13)
    at /media/yue/newDisk/node/node-blog/node_modules/express/lib/router/index.js:284:7
    at Function.process_params (/media/yue/newDisk/node/node-blog/node_modules/express/lib/router/index.js:335:12)
[Sun Dec 10 2017 18:56:20 GMT+0800 (CST)]/post?name=819937282@qq.com
TypeError: Post.find(...).sort(...).toArray is not a function
    at /media/yue/newDisk/node/node-blog/route/index.js:99:37
    at Layer.handle [as handle_request] (/media/yue/newDisk/node/node-blog/node_modules/express/lib/router/layer.js:95:5)
    at next (/media/yue/newDisk/node/node-blog/node_modules/express/lib/router/route.js:137:13)
    at Route.dispatch (/media/yue/newDisk/node/node-blog/node_modules/express/lib/router/route.js:112:3)
    at Layer.handle [as handle_request] (/media/yue/newDisk/node/node-blog/node_modules/express/lib/router/layer.js:95:5)
    at /media/yue/newDisk/node/node-blog/node_modules/express/lib/router/index.js:281:22
    at param (/media/yue/newDisk/node/node-blog/node_modules/express/lib/router/index.js:354:14)
    at param (/media/yue/newDisk/node/node-blog/node_modules/express/lib/router/index.js:365:14)
    at Function.process_params (/media/yue/newDisk/node/node-blog/node_modules/express/lib/router/index.js:410:3)
    at next (/media/yue/newDisk/node/node-blog/node_modules/express/lib/router/index.js:275:10)
    at Function.handle (/media/yue/newDisk/node/node-blog/node_modules/express/lib/router/index.js:174:3)
    at router (/media/yue/newDisk/node/node-blog/node_modules/express/lib/router/index.js:47:12)
    at Layer.handle [as handle_request] (/media/yue/newDisk/node/node-blog/node_modules/express/lib/router/layer.js:95:5)
    at trim_prefix (/media/yue/newDisk/node/node-blog/node_modules/express/lib/router/index.js:317:13)
    at /media/yue/newDisk/node/node-blog/node_modules/express/lib/router/index.js:284:7
    at Function.process_params (/media/yue/newDisk/node/node-blog/node_modules/express/lib/router/index.js:335:12)
[Sun Dec 10 2017 18:56:40 GMT+0800 (CST)]/post?name=819937282@qq.com
TypeError: Post.find(...).sort(...).toArray is not a function
    at /media/yue/newDisk/node/node-blog/route/index.js:99:37
    at Layer.handle [as handle_request] (/media/yue/newDisk/node/node-blog/node_modules/express/lib/router/layer.js:95:5)
    at next (/media/yue/newDisk/node/node-blog/node_modules/express/lib/router/route.js:137:13)
    at Route.dispatch (/media/yue/newDisk/node/node-blog/node_modules/express/lib/router/route.js:112:3)
    at Layer.handle [as handle_request] (/media/yue/newDisk/node/node-blog/node_modules/express/lib/router/layer.js:95:5)
    at /media/yue/newDisk/node/node-blog/node_modules/express/lib/router/index.js:281:22
    at param (/media/yue/newDisk/node/node-blog/node_modules/express/lib/router/index.js:354:14)
    at param (/media/yue/newDisk/node/node-blog/node_modules/express/lib/router/index.js:365:14)
    at Function.process_params (/media/yue/newDisk/node/node-blog/node_modules/express/lib/router/index.js:410:3)
    at next (/media/yue/newDisk/node/node-blog/node_modules/express/lib/router/index.js:275:10)
    at Function.handle (/media/yue/newDisk/node/node-blog/node_modules/express/lib/router/index.js:174:3)
    at router (/media/yue/newDisk/node/node-blog/node_modules/express/lib/router/index.js:47:12)
    at Layer.handle [as handle_request] (/media/yue/newDisk/node/node-blog/node_modules/express/lib/router/layer.js:95:5)
    at trim_prefix (/media/yue/newDisk/node/node-blog/node_modules/express/lib/router/index.js:317:13)
    at /media/yue/newDisk/node/node-blog/node_modules/express/lib/router/index.js:284:7
    at Function.process_params (/media/yue/newDisk/node/node-blog/node_modules/express/lib/router/index.js:335:12)
[Sun Dec 10 2017 18:58:20 GMT+0800 (CST)]/post?name=819937282@qq.com
TypeError: Post.find(...).sort(...).toArray is not a function
    at /media/yue/newDisk/node/node-blog/route/index.js:99:37
    at Layer.handle [as handle_request] (/media/yue/newDisk/node/node-blog/node_modules/express/lib/router/layer.js:95:5)
    at next (/media/yue/newDisk/node/node-blog/node_modules/express/lib/router/route.js:137:13)
    at Route.dispatch (/media/yue/newDisk/node/node-blog/node_modules/express/lib/router/route.js:112:3)
    at Layer.handle [as handle_request] (/media/yue/newDisk/node/node-blog/node_modules/express/lib/router/layer.js:95:5)
    at /media/yue/newDisk/node/node-blog/node_modules/express/lib/router/index.js:281:22
    at param (/media/yue/newDisk/node/node-blog/node_modules/express/lib/router/index.js:354:14)
    at param (/media/yue/newDisk/node/node-blog/node_modules/express/lib/router/index.js:365:14)
    at Function.process_params (/media/yue/newDisk/node/node-blog/node_modules/express/lib/router/index.js:410:3)
    at next (/media/yue/newDisk/node/node-blog/node_modules/express/lib/router/index.js:275:10)
    at Function.handle (/media/yue/newDisk/node/node-blog/node_modules/express/lib/router/index.js:174:3)
    at router (/media/yue/newDisk/node/node-blog/node_modules/express/lib/router/index.js:47:12)
    at Layer.handle [as handle_request] (/media/yue/newDisk/node/node-blog/node_modules/express/lib/router/layer.js:95:5)
    at trim_prefix (/media/yue/newDisk/node/node-blog/node_modules/express/lib/router/index.js:317:13)
    at /media/yue/newDisk/node/node-blog/node_modules/express/lib/router/index.js:284:7
    at Function.process_params (/media/yue/newDisk/node/node-blog/node_modules/express/lib/router/index.js:335:12)
[Sun Dec 10 2017 18:58:40 GMT+0800 (CST)]/post?name=819937282@qq.com
TypeError: Post.find(...).sort(...).toArray is not a function
    at /media/yue/newDisk/node/node-blog/route/index.js:99:37
    at Layer.handle [as handle_request] (/media/yue/newDisk/node/node-blog/node_modules/express/lib/router/layer.js:95:5)
    at next (/media/yue/newDisk/node/node-blog/node_modules/express/lib/router/route.js:137:13)
    at Route.dispatch (/media/yue/newDisk/node/node-blog/node_modules/express/lib/router/route.js:112:3)
    at Layer.handle [as handle_request] (/media/yue/newDisk/node/node-blog/node_modules/express/lib/router/layer.js:95:5)
    at /media/yue/newDisk/node/node-blog/node_modules/express/lib/router/index.js:281:22
    at param (/media/yue/newDisk/node/node-blog/node_modules/express/lib/router/index.js:354:14)
    at param (/media/yue/newDisk/node/node-blog/node_modules/express/lib/router/index.js:365:14)
    at Function.process_params (/media/yue/newDisk/node/node-blog/node_modules/express/lib/router/index.js:410:3)
    at next (/media/yue/newDisk/node/node-blog/node_modules/express/lib/router/index.js:275:10)
    at Function.handle (/media/yue/newDisk/node/node-blog/node_modules/express/lib/router/index.js:174:3)
    at router (/media/yue/newDisk/node/node-blog/node_modules/express/lib/router/index.js:47:12)
    at Layer.handle [as handle_request] (/media/yue/newDisk/node/node-blog/node_modules/express/lib/router/layer.js:95:5)
    at trim_prefix (/media/yue/newDisk/node/node-blog/node_modules/express/lib/router/index.js:317:13)
    at /media/yue/newDisk/node/node-blog/node_modules/express/lib/router/index.js:284:7
    at Function.process_params (/media/yue/newDisk/node/node-blog/node_modules/express/lib/router/index.js:335:12)
[Sun Dec 10 2017 18:58:58 GMT+0800 (CST)]/post
TypeError: Post.find(...).sort(...).toArray is not a function
    at /media/yue/newDisk/node/node-blog/route/index.js:99:37
    at Layer.handle [as handle_request] (/media/yue/newDisk/node/node-blog/node_modules/express/lib/router/layer.js:95:5)
    at next (/media/yue/newDisk/node/node-blog/node_modules/express/lib/router/route.js:137:13)
    at Route.dispatch (/media/yue/newDisk/node/node-blog/node_modules/express/lib/router/route.js:112:3)
    at Layer.handle [as handle_request] (/media/yue/newDisk/node/node-blog/node_modules/express/lib/router/layer.js:95:5)
    at /media/yue/newDisk/node/node-blog/node_modules/express/lib/router/index.js:281:22
    at param (/media/yue/newDisk/node/node-blog/node_modules/express/lib/router/index.js:354:14)
    at param (/media/yue/newDisk/node/node-blog/node_modules/express/lib/router/index.js:365:14)
    at Function.process_params (/media/yue/newDisk/node/node-blog/node_modules/express/lib/router/index.js:410:3)
    at next (/media/yue/newDisk/node/node-blog/node_modules/express/lib/router/index.js:275:10)
    at Function.handle (/media/yue/newDisk/node/node-blog/node_modules/express/lib/router/index.js:174:3)
    at router (/media/yue/newDisk/node/node-blog/node_modules/express/lib/router/index.js:47:12)
    at Layer.handle [as handle_request] (/media/yue/newDisk/node/node-blog/node_modules/express/lib/router/layer.js:95:5)
    at trim_prefix (/media/yue/newDisk/node/node-blog/node_modules/express/lib/router/index.js:317:13)
    at /media/yue/newDisk/node/node-blog/node_modules/express/lib/router/index.js:284:7
    at Function.process_params (/media/yue/newDisk/node/node-blog/node_modules/express/lib/router/index.js:335:12)
[Sun Dec 10 2017 19:00:41 GMT+0800 (CST)]/post?name=819937282@qq.com
TypeError: Post.find(...).sort(...).toArray is not a function
    at /media/yue/newDisk/node/node-blog/route/index.js:99:37
    at Layer.handle [as handle_request] (/media/yue/newDisk/node/node-blog/node_modules/express/lib/router/layer.js:95:5)
    at next (/media/yue/newDisk/node/node-blog/node_modules/express/lib/router/route.js:137:13)
    at Route.dispatch (/media/yue/newDisk/node/node-blog/node_modules/express/lib/router/route.js:112:3)
    at Layer.handle [as handle_request] (/media/yue/newDisk/node/node-blog/node_modules/express/lib/router/layer.js:95:5)
    at /media/yue/newDisk/node/node-blog/node_modules/express/lib/router/index.js:281:22
    at param (/media/yue/newDisk/node/node-blog/node_modules/express/lib/router/index.js:354:14)
    at param (/media/yue/newDisk/node/node-blog/node_modules/express/lib/router/index.js:365:14)
    at Function.process_params (/media/yue/newDisk/node/node-blog/node_modules/express/lib/router/index.js:410:3)
    at next (/media/yue/newDisk/node/node-blog/node_modules/express/lib/router/index.js:275:10)
    at Function.handle (/media/yue/newDisk/node/node-blog/node_modules/express/lib/router/index.js:174:3)
    at router (/media/yue/newDisk/node/node-blog/node_modules/express/lib/router/index.js:47:12)
    at Layer.handle [as handle_request] (/media/yue/newDisk/node/node-blog/node_modules/express/lib/router/layer.js:95:5)
    at trim_prefix (/media/yue/newDisk/node/node-blog/node_modules/express/lib/router/index.js:317:13)
    at /media/yue/newDisk/node/node-blog/node_modules/express/lib/router/index.js:284:7
    at Function.process_params (/media/yue/newDisk/node/node-blog/node_modules/express/lib/router/index.js:335:12)
[Sun Dec 10 2017 19:01:02 GMT+0800 (CST)]/post?name=819937282@qq.com
TypeError: Post.find(...).sort(...).toArray is not a function
    at /media/yue/newDisk/node/node-blog/route/index.js:99:37
    at Layer.handle [as handle_request] (/media/yue/newDisk/node/node-blog/node_modules/express/lib/router/layer.js:95:5)
    at next (/media/yue/newDisk/node/node-blog/node_modules/express/lib/router/route.js:137:13)
    at Route.dispatch (/media/yue/newDisk/node/node-blog/node_modules/express/lib/router/route.js:112:3)
    at Layer.handle [as handle_request] (/media/yue/newDisk/node/node-blog/node_modules/express/lib/router/layer.js:95:5)
    at /media/yue/newDisk/node/node-blog/node_modules/express/lib/router/index.js:281:22
    at param (/media/yue/newDisk/node/node-blog/node_modules/express/lib/router/index.js:354:14)
    at param (/media/yue/newDisk/node/node-blog/node_modules/express/lib/router/index.js:365:14)
    at Function.process_params (/media/yue/newDisk/node/node-blog/node_modules/express/lib/router/index.js:410:3)
    at next (/media/yue/newDisk/node/node-blog/node_modules/express/lib/router/index.js:275:10)
    at Function.handle (/media/yue/newDisk/node/node-blog/node_modules/express/lib/router/index.js:174:3)
    at router (/media/yue/newDisk/node/node-blog/node_modules/express/lib/router/index.js:47:12)
    at Layer.handle [as handle_request] (/media/yue/newDisk/node/node-blog/node_modules/express/lib/router/layer.js:95:5)
    at trim_prefix (/media/yue/newDisk/node/node-blog/node_modules/express/lib/router/index.js:317:13)
    at /media/yue/newDisk/node/node-blog/node_modules/express/lib/router/index.js:284:7
    at Function.process_params (/media/yue/newDisk/node/node-blog/node_modules/express/lib/router/index.js:335:12)
[Sun Dec 10 2017 19:01:06 GMT+0800 (CST)]/post?name=819937282@qq.com
TypeError: Post.find(...).sort(...).toArray is not a function
    at /media/yue/newDisk/node/node-blog/route/index.js:99:37
    at Layer.handle [as handle_request] (/media/yue/newDisk/node/node-blog/node_modules/express/lib/router/layer.js:95:5)
    at next (/media/yue/newDisk/node/node-blog/node_modules/express/lib/router/route.js:137:13)
    at Route.dispatch (/media/yue/newDisk/node/node-blog/node_modules/express/lib/router/route.js:112:3)
    at Layer.handle [as handle_request] (/media/yue/newDisk/node/node-blog/node_modules/express/lib/router/layer.js:95:5)
    at /media/yue/newDisk/node/node-blog/node_modules/express/lib/router/index.js:281:22
    at param (/media/yue/newDisk/node/node-blog/node_modules/express/lib/router/index.js:354:14)
    at param (/media/yue/newDisk/node/node-blog/node_modules/express/lib/router/index.js:365:14)
    at Function.process_params (/media/yue/newDisk/node/node-blog/node_modules/express/lib/router/index.js:410:3)
    at next (/media/yue/newDisk/node/node-blog/node_modules/express/lib/router/index.js:275:10)
    at Function.handle (/media/yue/newDisk/node/node-blog/node_modules/express/lib/router/index.js:174:3)
    at router (/media/yue/newDisk/node/node-blog/node_modules/express/lib/router/index.js:47:12)
    at Layer.handle [as handle_request] (/media/yue/newDisk/node/node-blog/node_modules/express/lib/router/layer.js:95:5)
    at trim_prefix (/media/yue/newDisk/node/node-blog/node_modules/express/lib/router/index.js:317:13)
    at /media/yue/newDisk/node/node-blog/node_modules/express/lib/router/index.js:284:7
    at Function.process_params (/media/yue/newDisk/node/node-blog/node_modules/express/lib/router/index.js:335:12)
[Sun Dec 10 2017 19:01:11 GMT+0800 (CST)]/post?name=
TypeError: Post.find(...).sort(...).toArray is not a function
    at /media/yue/newDisk/node/node-blog/route/index.js:99:37
    at Layer.handle [as handle_request] (/media/yue/newDisk/node/node-blog/node_modules/express/lib/router/layer.js:95:5)
    at next (/media/yue/newDisk/node/node-blog/node_modules/express/lib/router/route.js:137:13)
    at Route.dispatch (/media/yue/newDisk/node/node-blog/node_modules/express/lib/router/route.js:112:3)
    at Layer.handle [as handle_request] (/media/yue/newDisk/node/node-blog/node_modules/express/lib/router/layer.js:95:5)
    at /media/yue/newDisk/node/node-blog/node_modules/express/lib/router/index.js:281:22
    at param (/media/yue/newDisk/node/node-blog/node_modules/express/lib/router/index.js:354:14)
    at param (/media/yue/newDisk/node/node-blog/node_modules/express/lib/router/index.js:365:14)
    at Function.process_params (/media/yue/newDisk/node/node-blog/node_modules/express/lib/router/index.js:410:3)
    at next (/media/yue/newDisk/node/node-blog/node_modules/express/lib/router/index.js:275:10)
    at Function.handle (/media/yue/newDisk/node/node-blog/node_modules/express/lib/router/index.js:174:3)
    at router (/media/yue/newDisk/node/node-blog/node_modules/express/lib/router/index.js:47:12)
    at Layer.handle [as handle_request] (/media/yue/newDisk/node/node-blog/node_modules/express/lib/router/layer.js:95:5)
    at trim_prefix (/media/yue/newDisk/node/node-blog/node_modules/express/lib/router/index.js:317:13)
    at /media/yue/newDisk/node/node-blog/node_modules/express/lib/router/index.js:284:7
    at Function.process_params (/media/yue/newDisk/node/node-blog/node_modules/express/lib/router/index.js:335:12)
[Sun Dec 10 2017 19:01:18 GMT+0800 (CST)]/post?name=
TypeError: Post.find(...).sort(...).toArray is not a function
    at /media/yue/newDisk/node/node-blog/route/index.js:99:37
    at Layer.handle [as handle_request] (/media/yue/newDisk/node/node-blog/node_modules/express/lib/router/layer.js:95:5)
    at next (/media/yue/newDisk/node/node-blog/node_modules/express/lib/router/route.js:137:13)
    at Route.dispatch (/media/yue/newDisk/node/node-blog/node_modules/express/lib/router/route.js:112:3)
    at Layer.handle [as handle_request] (/media/yue/newDisk/node/node-blog/node_modules/express/lib/router/layer.js:95:5)
    at /media/yue/newDisk/node/node-blog/node_modules/express/lib/router/index.js:281:22
    at param (/media/yue/newDisk/node/node-blog/node_modules/express/lib/router/index.js:354:14)
    at param (/media/yue/newDisk/node/node-blog/node_modules/express/lib/router/index.js:365:14)
    at Function.process_params (/media/yue/newDisk/node/node-blog/node_modules/express/lib/router/index.js:410:3)
    at next (/media/yue/newDisk/node/node-blog/node_modules/express/lib/router/index.js:275:10)
    at Function.handle (/media/yue/newDisk/node/node-blog/node_modules/express/lib/router/index.js:174:3)
    at router (/media/yue/newDisk/node/node-blog/node_modules/express/lib/router/index.js:47:12)
    at Layer.handle [as handle_request] (/media/yue/newDisk/node/node-blog/node_modules/express/lib/router/layer.js:95:5)
    at trim_prefix (/media/yue/newDisk/node/node-blog/node_modules/express/lib/router/index.js:317:13)
    at /media/yue/newDisk/node/node-blog/node_modules/express/lib/router/index.js:284:7
    at Function.process_params (/media/yue/newDisk/node/node-blog/node_modules/express/lib/router/index.js:335:12)
[Sun Dec 10 2017 19:01:27 GMT+0800 (CST)]/post?name=819937282@qq.com
TypeError: Post.find(...).sort(...).toArray is not a function
    at /media/yue/newDisk/node/node-blog/route/index.js:99:37
    at Layer.handle [as handle_request] (/media/yue/newDisk/node/node-blog/node_modules/express/lib/router/layer.js:95:5)
    at next (/media/yue/newDisk/node/node-blog/node_modules/express/lib/router/route.js:137:13)
    at Route.dispatch (/media/yue/newDisk/node/node-blog/node_modules/express/lib/router/route.js:112:3)
    at Layer.handle [as handle_request] (/media/yue/newDisk/node/node-blog/node_modules/express/lib/router/layer.js:95:5)
    at /media/yue/newDisk/node/node-blog/node_modules/express/lib/router/index.js:281:22
    at param (/media/yue/newDisk/node/node-blog/node_modules/express/lib/router/index.js:354:14)
    at param (/media/yue/newDisk/node/node-blog/node_modules/express/lib/router/index.js:365:14)
    at Function.process_params (/media/yue/newDisk/node/node-blog/node_modules/express/lib/router/index.js:410:3)
    at next (/media/yue/newDisk/node/node-blog/node_modules/express/lib/router/index.js:275:10)
    at Function.handle (/media/yue/newDisk/node/node-blog/node_modules/express/lib/router/index.js:174:3)
    at router (/media/yue/newDisk/node/node-blog/node_modules/express/lib/router/index.js:47:12)
    at Layer.handle [as handle_request] (/media/yue/newDisk/node/node-blog/node_modules/express/lib/router/layer.js:95:5)
    at trim_prefix (/media/yue/newDisk/node/node-blog/node_modules/express/lib/router/index.js:317:13)
    at /media/yue/newDisk/node/node-blog/node_modules/express/lib/router/index.js:284:7
    at Function.process_params (/media/yue/newDisk/node/node-blog/node_modules/express/lib/router/index.js:335:12)
[Sun Dec 10 2017 19:03:18 GMT+0800 (CST)]/post?name=
TypeError: Post.find(...).sort(...).toArray is not a function
    at /media/yue/newDisk/node/node-blog/route/index.js:99:37
    at Layer.handle [as handle_request] (/media/yue/newDisk/node/node-blog/node_modules/express/lib/router/layer.js:95:5)
    at next (/media/yue/newDisk/node/node-blog/node_modules/express/lib/router/route.js:137:13)
    at Route.dispatch (/media/yue/newDisk/node/node-blog/node_modules/express/lib/router/route.js:112:3)
    at Layer.handle [as handle_request] (/media/yue/newDisk/node/node-blog/node_modules/express/lib/router/layer.js:95:5)
    at /media/yue/newDisk/node/node-blog/node_modules/express/lib/router/index.js:281:22
    at param (/media/yue/newDisk/node/node-blog/node_modules/express/lib/router/index.js:354:14)
    at param (/media/yue/newDisk/node/node-blog/node_modules/express/lib/router/index.js:365:14)
    at Function.process_params (/media/yue/newDisk/node/node-blog/node_modules/express/lib/router/index.js:410:3)
    at next (/media/yue/newDisk/node/node-blog/node_modules/express/lib/router/index.js:275:10)
    at Function.handle (/media/yue/newDisk/node/node-blog/node_modules/express/lib/router/index.js:174:3)
    at router (/media/yue/newDisk/node/node-blog/node_modules/express/lib/router/index.js:47:12)
    at Layer.handle [as handle_request] (/media/yue/newDisk/node/node-blog/node_modules/express/lib/router/layer.js:95:5)
    at trim_prefix (/media/yue/newDisk/node/node-blog/node_modules/express/lib/router/index.js:317:13)
    at /media/yue/newDisk/node/node-blog/node_modules/express/lib/router/index.js:284:7
    at Function.process_params (/media/yue/newDisk/node/node-blog/node_modules/express/lib/router/index.js:335:12)
[Sun Dec 10 2017 19:03:27 GMT+0800 (CST)]/post?name=819937282@qq.com
TypeError: Post.find(...).sort(...).toArray is not a function
    at /media/yue/newDisk/node/node-blog/route/index.js:99:37
    at Layer.handle [as handle_request] (/media/yue/newDisk/node/node-blog/node_modules/express/lib/router/layer.js:95:5)
    at next (/media/yue/newDisk/node/node-blog/node_modules/express/lib/router/route.js:137:13)
    at Route.dispatch (/media/yue/newDisk/node/node-blog/node_modules/express/lib/router/route.js:112:3)
    at Layer.handle [as handle_request] (/media/yue/newDisk/node/node-blog/node_modules/express/lib/router/layer.js:95:5)
    at /media/yue/newDisk/node/node-blog/node_modules/express/lib/router/index.js:281:22
    at param (/media/yue/newDisk/node/node-blog/node_modules/express/lib/router/index.js:354:14)
    at param (/media/yue/newDisk/node/node-blog/node_modules/express/lib/router/index.js:365:14)
    at Function.process_params (/media/yue/newDisk/node/node-blog/node_modules/express/lib/router/index.js:410:3)
    at next (/media/yue/newDisk/node/node-blog/node_modules/express/lib/router/index.js:275:10)
    at Function.handle (/media/yue/newDisk/node/node-blog/node_modules/express/lib/router/index.js:174:3)
    at router (/media/yue/newDisk/node/node-blog/node_modules/express/lib/router/index.js:47:12)
    at Layer.handle [as handle_request] (/media/yue/newDisk/node/node-blog/node_modules/express/lib/router/layer.js:95:5)
    at trim_prefix (/media/yue/newDisk/node/node-blog/node_modules/express/lib/router/index.js:317:13)
    at /media/yue/newDisk/node/node-blog/node_modules/express/lib/router/index.js:284:7
    at Function.process_params (/media/yue/newDisk/node/node-blog/node_modules/express/lib/router/index.js:335:12)
[Sun Dec 10 2017 19:04:04 GMT+0800 (CST)]/post?name=
TypeError: Post.find(...).sort(...).toArray is not a function
    at /media/yue/newDisk/node/node-blog/route/index.js:100:37
    at Layer.handle [as handle_request] (/media/yue/newDisk/node/node-blog/node_modules/express/lib/router/layer.js:95:5)
    at next (/media/yue/newDisk/node/node-blog/node_modules/express/lib/router/route.js:137:13)
    at Route.dispatch (/media/yue/newDisk/node/node-blog/node_modules/express/lib/router/route.js:112:3)
    at Layer.handle [as handle_request] (/media/yue/newDisk/node/node-blog/node_modules/express/lib/router/layer.js:95:5)
    at /media/yue/newDisk/node/node-blog/node_modules/express/lib/router/index.js:281:22
    at param (/media/yue/newDisk/node/node-blog/node_modules/express/lib/router/index.js:354:14)
    at param (/media/yue/newDisk/node/node-blog/node_modules/express/lib/router/index.js:365:14)
    at Function.process_params (/media/yue/newDisk/node/node-blog/node_modules/express/lib/router/index.js:410:3)
    at next (/media/yue/newDisk/node/node-blog/node_modules/express/lib/router/index.js:275:10)
    at Function.handle (/media/yue/newDisk/node/node-blog/node_modules/express/lib/router/index.js:174:3)
    at router (/media/yue/newDisk/node/node-blog/node_modules/express/lib/router/index.js:47:12)
    at Layer.handle [as handle_request] (/media/yue/newDisk/node/node-blog/node_modules/express/lib/router/layer.js:95:5)
    at trim_prefix (/media/yue/newDisk/node/node-blog/node_modules/express/lib/router/index.js:317:13)
    at /media/yue/newDisk/node/node-blog/node_modules/express/lib/router/index.js:284:7
    at Function.process_params (/media/yue/newDisk/node/node-blog/node_modules/express/lib/router/index.js:335:12)
[Sun Dec 10 2017 19:05:03 GMT+0800 (CST)]/post?name=819937282@qq.com
TypeError: Post.find(...).sort(...).toArray is not a function
    at /media/yue/newDisk/node/node-blog/route/index.js:100:37
    at Layer.handle [as handle_request] (/media/yue/newDisk/node/node-blog/node_modules/express/lib/router/layer.js:95:5)
    at next (/media/yue/newDisk/node/node-blog/node_modules/express/lib/router/route.js:137:13)
    at Route.dispatch (/media/yue/newDisk/node/node-blog/node_modules/express/lib/router/route.js:112:3)
    at Layer.handle [as handle_request] (/media/yue/newDisk/node/node-blog/node_modules/express/lib/router/layer.js:95:5)
    at /media/yue/newDisk/node/node-blog/node_modules/express/lib/router/index.js:281:22
    at param (/media/yue/newDisk/node/node-blog/node_modules/express/lib/router/index.js:354:14)
    at param (/media/yue/newDisk/node/node-blog/node_modules/express/lib/router/index.js:365:14)
    at Function.process_params (/media/yue/newDisk/node/node-blog/node_modules/express/lib/router/index.js:410:3)
    at next (/media/yue/newDisk/node/node-blog/node_modules/express/lib/router/index.js:275:10)
    at Function.handle (/media/yue/newDisk/node/node-blog/node_modules/express/lib/router/index.js:174:3)
    at router (/media/yue/newDisk/node/node-blog/node_modules/express/lib/router/index.js:47:12)
    at Layer.handle [as handle_request] (/media/yue/newDisk/node/node-blog/node_modules/express/lib/router/layer.js:95:5)
    at trim_prefix (/media/yue/newDisk/node/node-blog/node_modules/express/lib/router/index.js:317:13)
    at /media/yue/newDisk/node/node-blog/node_modules/express/lib/router/index.js:284:7
    at Function.process_params (/media/yue/newDisk/node/node-blog/node_modules/express/lib/router/index.js:335:12)
[Sun Dec 10 2017 19:05:24 GMT+0800 (CST)]/post?name=819937282@qq.com
TypeError: Post.find(...).sort(...).toArray is not a function
    at /media/yue/newDisk/node/node-blog/route/index.js:100:37
    at Layer.handle [as handle_request] (/media/yue/newDisk/node/node-blog/node_modules/express/lib/router/layer.js:95:5)
    at next (/media/yue/newDisk/node/node-blog/node_modules/express/lib/router/route.js:137:13)
    at Route.dispatch (/media/yue/newDisk/node/node-blog/node_modules/express/lib/router/route.js:112:3)
    at Layer.handle [as handle_request] (/media/yue/newDisk/node/node-blog/node_modules/express/lib/router/layer.js:95:5)
    at /media/yue/newDisk/node/node-blog/node_modules/express/lib/router/index.js:281:22
    at param (/media/yue/newDisk/node/node-blog/node_modules/express/lib/router/index.js:354:14)
    at param (/media/yue/newDisk/node/node-blog/node_modules/express/lib/router/index.js:365:14)
    at Function.process_params (/media/yue/newDisk/node/node-blog/node_modules/express/lib/router/index.js:410:3)
    at next (/media/yue/newDisk/node/node-blog/node_modules/express/lib/router/index.js:275:10)
    at Function.handle (/media/yue/newDisk/node/node-blog/node_modules/express/lib/router/index.js:174:3)
    at router (/media/yue/newDisk/node/node-blog/node_modules/express/lib/router/index.js:47:12)
    at Layer.handle [as handle_request] (/media/yue/newDisk/node/node-blog/node_modules/express/lib/router/layer.js:95:5)
    at trim_prefix (/media/yue/newDisk/node/node-blog/node_modules/express/lib/router/index.js:317:13)
    at /media/yue/newDisk/node/node-blog/node_modules/express/lib/router/index.js:284:7
    at Function.process_params (/media/yue/newDisk/node/node-blog/node_modules/express/lib/router/index.js:335:12)
[Sun Dec 10 2017 19:06:21 GMT+0800 (CST)]/post?name=819937282@qq.com
TypeError: Post.find(...).sort(...).toArray is not a function
    at /media/yue/newDisk/node/node-blog/route/index.js:100:37
    at Layer.handle [as handle_request] (/media/yue/newDisk/node/node-blog/node_modules/express/lib/router/layer.js:95:5)
    at next (/media/yue/newDisk/node/node-blog/node_modules/express/lib/router/route.js:137:13)
    at Route.dispatch (/media/yue/newDisk/node/node-blog/node_modules/express/lib/router/route.js:112:3)
    at Layer.handle [as handle_request] (/media/yue/newDisk/node/node-blog/node_modules/express/lib/router/layer.js:95:5)
    at /media/yue/newDisk/node/node-blog/node_modules/express/lib/router/index.js:281:22
    at param (/media/yue/newDisk/node/node-blog/node_modules/express/lib/router/index.js:354:14)
    at param (/media/yue/newDisk/node/node-blog/node_modules/express/lib/router/index.js:365:14)
    at Function.process_params (/media/yue/newDisk/node/node-blog/node_modules/express/lib/router/index.js:410:3)
    at next (/media/yue/newDisk/node/node-blog/node_modules/express/lib/router/index.js:275:10)
    at Function.handle (/media/yue/newDisk/node/node-blog/node_modules/express/lib/router/index.js:174:3)
    at router (/media/yue/newDisk/node/node-blog/node_modules/express/lib/router/index.js:47:12)
    at Layer.handle [as handle_request] (/media/yue/newDisk/node/node-blog/node_modules/express/lib/router/layer.js:95:5)
    at trim_prefix (/media/yue/newDisk/node/node-blog/node_modules/express/lib/router/index.js:317:13)
    at /media/yue/newDisk/node/node-blog/node_modules/express/lib/router/index.js:284:7
    at Function.process_params (/media/yue/newDisk/node/node-blog/node_modules/express/lib/router/index.js:335:12)
[Sun Dec 10 2017 19:07:03 GMT+0800 (CST)]/post?name=819937282@qq.com
TypeError: Post.find(...).sort(...).toArray is not a function
    at /media/yue/newDisk/node/node-blog/route/index.js:100:37
    at Layer.handle [as handle_request] (/media/yue/newDisk/node/node-blog/node_modules/express/lib/router/layer.js:95:5)
    at next (/media/yue/newDisk/node/node-blog/node_modules/express/lib/router/route.js:137:13)
    at Route.dispatch (/media/yue/newDisk/node/node-blog/node_modules/express/lib/router/route.js:112:3)
    at Layer.handle [as handle_request] (/media/yue/newDisk/node/node-blog/node_modules/express/lib/router/layer.js:95:5)
    at /media/yue/newDisk/node/node-blog/node_modules/express/lib/router/index.js:281:22
    at param (/media/yue/newDisk/node/node-blog/node_modules/express/lib/router/index.js:354:14)
    at param (/media/yue/newDisk/node/node-blog/node_modules/express/lib/router/index.js:365:14)
    at Function.process_params (/media/yue/newDisk/node/node-blog/node_modules/express/lib/router/index.js:410:3)
    at next (/media/yue/newDisk/node/node-blog/node_modules/express/lib/router/index.js:275:10)
    at Function.handle (/media/yue/newDisk/node/node-blog/node_modules/express/lib/router/index.js:174:3)
    at router (/media/yue/newDisk/node/node-blog/node_modules/express/lib/router/index.js:47:12)
    at Layer.handle [as handle_request] (/media/yue/newDisk/node/node-blog/node_modules/express/lib/router/layer.js:95:5)
    at trim_prefix (/media/yue/newDisk/node/node-blog/node_modules/express/lib/router/index.js:317:13)
    at /media/yue/newDisk/node/node-blog/node_modules/express/lib/router/index.js:284:7
    at Function.process_params (/media/yue/newDisk/node/node-blog/node_modules/express/lib/router/index.js:335:12)
[Sun Dec 10 2017 19:07:24 GMT+0800 (CST)]/post?name=819937282@qq.com
TypeError: Post.find(...).sort(...).toArray is not a function
    at /media/yue/newDisk/node/node-blog/route/index.js:100:37
    at Layer.handle [as handle_request] (/media/yue/newDisk/node/node-blog/node_modules/express/lib/router/layer.js:95:5)
    at next (/media/yue/newDisk/node/node-blog/node_modules/express/lib/router/route.js:137:13)
    at Route.dispatch (/media/yue/newDisk/node/node-blog/node_modules/express/lib/router/route.js:112:3)
    at Layer.handle [as handle_request] (/media/yue/newDisk/node/node-blog/node_modules/express/lib/router/layer.js:95:5)
    at /media/yue/newDisk/node/node-blog/node_modules/express/lib/router/index.js:281:22
    at param (/media/yue/newDisk/node/node-blog/node_modules/express/lib/router/index.js:354:14)
    at param (/media/yue/newDisk/node/node-blog/node_modules/express/lib/router/index.js:365:14)
    at Function.process_params (/media/yue/newDisk/node/node-blog/node_modules/express/lib/router/index.js:410:3)
    at next (/media/yue/newDisk/node/node-blog/node_modules/express/lib/router/index.js:275:10)
    at Function.handle (/media/yue/newDisk/node/node-blog/node_modules/express/lib/router/index.js:174:3)
    at router (/media/yue/newDisk/node/node-blog/node_modules/express/lib/router/index.js:47:12)
    at Layer.handle [as handle_request] (/media/yue/newDisk/node/node-blog/node_modules/express/lib/router/layer.js:95:5)
    at trim_prefix (/media/yue/newDisk/node/node-blog/node_modules/express/lib/router/index.js:317:13)
    at /media/yue/newDisk/node/node-blog/node_modules/express/lib/router/index.js:284:7
    at Function.process_params (/media/yue/newDisk/node/node-blog/node_modules/express/lib/router/index.js:335:12)
[Sun Dec 10 2017 19:08:21 GMT+0800 (CST)]/post?name=819937282@qq.com
TypeError: Post.find(...).sort(...).toArray is not a function
    at /media/yue/newDisk/node/node-blog/route/index.js:100:37
    at Layer.handle [as handle_request] (/media/yue/newDisk/node/node-blog/node_modules/express/lib/router/layer.js:95:5)
    at next (/media/yue/newDisk/node/node-blog/node_modules/express/lib/router/route.js:137:13)
    at Route.dispatch (/media/yue/newDisk/node/node-blog/node_modules/express/lib/router/route.js:112:3)
    at Layer.handle [as handle_request] (/media/yue/newDisk/node/node-blog/node_modules/express/lib/router/layer.js:95:5)
    at /media/yue/newDisk/node/node-blog/node_modules/express/lib/router/index.js:281:22
    at param (/media/yue/newDisk/node/node-blog/node_modules/express/lib/router/index.js:354:14)
    at param (/media/yue/newDisk/node/node-blog/node_modules/express/lib/router/index.js:365:14)
    at Function.process_params (/media/yue/newDisk/node/node-blog/node_modules/express/lib/router/index.js:410:3)
    at next (/media/yue/newDisk/node/node-blog/node_modules/express/lib/router/index.js:275:10)
    at Function.handle (/media/yue/newDisk/node/node-blog/node_modules/express/lib/router/index.js:174:3)
    at router (/media/yue/newDisk/node/node-blog/node_modules/express/lib/router/index.js:47:12)
    at Layer.handle [as handle_request] (/media/yue/newDisk/node/node-blog/node_modules/express/lib/router/layer.js:95:5)
    at trim_prefix (/media/yue/newDisk/node/node-blog/node_modules/express/lib/router/index.js:317:13)
    at /media/yue/newDisk/node/node-blog/node_modules/express/lib/router/index.js:284:7
    at Function.process_params (/media/yue/newDisk/node/node-blog/node_modules/express/lib/router/index.js:335:12)
[Sun Dec 10 2017 19:10:37 GMT+0800 (CST)]/post?name=819937282@qq.com
TypeError: Converting circular structure to JSON
    at Object.stringify (native)
    at stringify (/media/yue/newDisk/node/node-blog/node_modules/express/lib/response.js:1119:12)
    at ServerResponse.json (/media/yue/newDisk/node/node-blog/node_modules/express/lib/response.js:260:14)
    at ServerResponse.send (/media/yue/newDisk/node/node-blog/node_modules/express/lib/response.js:158:21)
    at /media/yue/newDisk/node/node-blog/route/index.js:101:8
    at Layer.handle [as handle_request] (/media/yue/newDisk/node/node-blog/node_modules/express/lib/router/layer.js:95:5)
    at next (/media/yue/newDisk/node/node-blog/node_modules/express/lib/router/route.js:137:13)
    at Route.dispatch (/media/yue/newDisk/node/node-blog/node_modules/express/lib/router/route.js:112:3)
    at Layer.handle [as handle_request] (/media/yue/newDisk/node/node-blog/node_modules/express/lib/router/layer.js:95:5)
    at /media/yue/newDisk/node/node-blog/node_modules/express/lib/router/index.js:281:22
    at param (/media/yue/newDisk/node/node-blog/node_modules/express/lib/router/index.js:354:14)
    at param (/media/yue/newDisk/node/node-blog/node_modules/express/lib/router/index.js:365:14)
    at Function.process_params (/media/yue/newDisk/node/node-blog/node_modules/express/lib/router/index.js:410:3)
    at next (/media/yue/newDisk/node/node-blog/node_modules/express/lib/router/index.js:275:10)
    at Function.handle (/media/yue/newDisk/node/node-blog/node_modules/express/lib/router/index.js:174:3)
    at router (/media/yue/newDisk/node/node-blog/node_modules/express/lib/router/index.js:47:12)
[Sun Dec 10 2017 19:10:57 GMT+0800 (CST)]/post?name=
TypeError: Converting circular structure to JSON
    at Object.stringify (native)
    at stringify (/media/yue/newDisk/node/node-blog/node_modules/express/lib/response.js:1119:12)
    at ServerResponse.json (/media/yue/newDisk/node/node-blog/node_modules/express/lib/response.js:260:14)
    at ServerResponse.send (/media/yue/newDisk/node/node-blog/node_modules/express/lib/response.js:158:21)
    at /media/yue/newDisk/node/node-blog/route/index.js:101:8
    at Layer.handle [as handle_request] (/media/yue/newDisk/node/node-blog/node_modules/express/lib/router/layer.js:95:5)
    at next (/media/yue/newDisk/node/node-blog/node_modules/express/lib/router/route.js:137:13)
    at Route.dispatch (/media/yue/newDisk/node/node-blog/node_modules/express/lib/router/route.js:112:3)
    at Layer.handle [as handle_request] (/media/yue/newDisk/node/node-blog/node_modules/express/lib/router/layer.js:95:5)
    at /media/yue/newDisk/node/node-blog/node_modules/express/lib/router/index.js:281:22
    at param (/media/yue/newDisk/node/node-blog/node_modules/express/lib/router/index.js:354:14)
    at param (/media/yue/newDisk/node/node-blog/node_modules/express/lib/router/index.js:365:14)
    at Function.process_params (/media/yue/newDisk/node/node-blog/node_modules/express/lib/router/index.js:410:3)
    at next (/media/yue/newDisk/node/node-blog/node_modules/express/lib/router/index.js:275:10)
    at Function.handle (/media/yue/newDisk/node/node-blog/node_modules/express/lib/router/index.js:174:3)
    at router (/media/yue/newDisk/node/node-blog/node_modules/express/lib/router/index.js:47:12)
[Sun Dec 10 2017 19:11:05 GMT+0800 (CST)]/post?name=819937282@qq.com
TypeError: Converting circular structure to JSON
    at Object.stringify (native)
    at stringify (/media/yue/newDisk/node/node-blog/node_modules/express/lib/response.js:1119:12)
    at ServerResponse.json (/media/yue/newDisk/node/node-blog/node_modules/express/lib/response.js:260:14)
    at ServerResponse.send (/media/yue/newDisk/node/node-blog/node_modules/express/lib/response.js:158:21)
    at /media/yue/newDisk/node/node-blog/route/index.js:101:8
    at Layer.handle [as handle_request] (/media/yue/newDisk/node/node-blog/node_modules/express/lib/router/layer.js:95:5)
    at next (/media/yue/newDisk/node/node-blog/node_modules/express/lib/router/route.js:137:13)
    at Route.dispatch (/media/yue/newDisk/node/node-blog/node_modules/express/lib/router/route.js:112:3)
    at Layer.handle [as handle_request] (/media/yue/newDisk/node/node-blog/node_modules/express/lib/router/layer.js:95:5)
    at /media/yue/newDisk/node/node-blog/node_modules/express/lib/router/index.js:281:22
    at param (/media/yue/newDisk/node/node-blog/node_modules/express/lib/router/index.js:354:14)
    at param (/media/yue/newDisk/node/node-blog/node_modules/express/lib/router/index.js:365:14)
    at Function.process_params (/media/yue/newDisk/node/node-blog/node_modules/express/lib/router/index.js:410:3)
    at next (/media/yue/newDisk/node/node-blog/node_modules/express/lib/router/index.js:275:10)
    at Function.handle (/media/yue/newDisk/node/node-blog/node_modules/express/lib/router/index.js:174:3)
    at router (/media/yue/newDisk/node/node-blog/node_modules/express/lib/router/index.js:47:12)
[Sun Dec 10 2017 19:12:57 GMT+0800 (CST)]/post?name=
TypeError: Converting circular structure to JSON
    at Object.stringify (native)
    at stringify (/media/yue/newDisk/node/node-blog/node_modules/express/lib/response.js:1119:12)
    at ServerResponse.json (/media/yue/newDisk/node/node-blog/node_modules/express/lib/response.js:260:14)
    at ServerResponse.send (/media/yue/newDisk/node/node-blog/node_modules/express/lib/response.js:158:21)
    at /media/yue/newDisk/node/node-blog/route/index.js:101:8
    at Layer.handle [as handle_request] (/media/yue/newDisk/node/node-blog/node_modules/express/lib/router/layer.js:95:5)
    at next (/media/yue/newDisk/node/node-blog/node_modules/express/lib/router/route.js:137:13)
    at Route.dispatch (/media/yue/newDisk/node/node-blog/node_modules/express/lib/router/route.js:112:3)
    at Layer.handle [as handle_request] (/media/yue/newDisk/node/node-blog/node_modules/express/lib/router/layer.js:95:5)
    at /media/yue/newDisk/node/node-blog/node_modules/express/lib/router/index.js:281:22
    at param (/media/yue/newDisk/node/node-blog/node_modules/express/lib/router/index.js:354:14)
    at param (/media/yue/newDisk/node/node-blog/node_modules/express/lib/router/index.js:365:14)
    at Function.process_params (/media/yue/newDisk/node/node-blog/node_modules/express/lib/router/index.js:410:3)
    at next (/media/yue/newDisk/node/node-blog/node_modules/express/lib/router/index.js:275:10)
    at Function.handle (/media/yue/newDisk/node/node-blog/node_modules/express/lib/router/index.js:174:3)
    at router (/media/yue/newDisk/node/node-blog/node_modules/express/lib/router/index.js:47:12)
[Sun Dec 10 2017 19:13:05 GMT+0800 (CST)]/post?name=819937282@qq.com
TypeError: Converting circular structure to JSON
    at Object.stringify (native)
    at stringify (/media/yue/newDisk/node/node-blog/node_modules/express/lib/response.js:1119:12)
    at ServerResponse.json (/media/yue/newDisk/node/node-blog/node_modules/express/lib/response.js:260:14)
    at ServerResponse.send (/media/yue/newDisk/node/node-blog/node_modules/express/lib/response.js:158:21)
    at /media/yue/newDisk/node/node-blog/route/index.js:101:8
    at Layer.handle [as handle_request] (/media/yue/newDisk/node/node-blog/node_modules/express/lib/router/layer.js:95:5)
    at next (/media/yue/newDisk/node/node-blog/node_modules/express/lib/router/route.js:137:13)
    at Route.dispatch (/media/yue/newDisk/node/node-blog/node_modules/express/lib/router/route.js:112:3)
    at Layer.handle [as handle_request] (/media/yue/newDisk/node/node-blog/node_modules/express/lib/router/layer.js:95:5)
    at /media/yue/newDisk/node/node-blog/node_modules/express/lib/router/index.js:281:22
    at param (/media/yue/newDisk/node/node-blog/node_modules/express/lib/router/index.js:354:14)
    at param (/media/yue/newDisk/node/node-blog/node_modules/express/lib/router/index.js:365:14)
    at Function.process_params (/media/yue/newDisk/node/node-blog/node_modules/express/lib/router/index.js:410:3)
    at next (/media/yue/newDisk/node/node-blog/node_modules/express/lib/router/index.js:275:10)
    at Function.handle (/media/yue/newDisk/node/node-blog/node_modules/express/lib/router/index.js:174:3)
    at router (/media/yue/newDisk/node/node-blog/node_modules/express/lib/router/index.js:47:12)
[Sun Dec 10 2017 19:14:57 GMT+0800 (CST)]/post?name=
TypeError: Converting circular structure to JSON
    at Object.stringify (native)
    at stringify (/media/yue/newDisk/node/node-blog/node_modules/express/lib/response.js:1119:12)
    at ServerResponse.json (/media/yue/newDisk/node/node-blog/node_modules/express/lib/response.js:260:14)
    at ServerResponse.send (/media/yue/newDisk/node/node-blog/node_modules/express/lib/response.js:158:21)
    at /media/yue/newDisk/node/node-blog/route/index.js:101:8
    at Layer.handle [as handle_request] (/media/yue/newDisk/node/node-blog/node_modules/express/lib/router/layer.js:95:5)
    at next (/media/yue/newDisk/node/node-blog/node_modules/express/lib/router/route.js:137:13)
    at Route.dispatch (/media/yue/newDisk/node/node-blog/node_modules/express/lib/router/route.js:112:3)
    at Layer.handle [as handle_request] (/media/yue/newDisk/node/node-blog/node_modules/express/lib/router/layer.js:95:5)
    at /media/yue/newDisk/node/node-blog/node_modules/express/lib/router/index.js:281:22
    at param (/media/yue/newDisk/node/node-blog/node_modules/express/lib/router/index.js:354:14)
    at param (/media/yue/newDisk/node/node-blog/node_modules/express/lib/router/index.js:365:14)
    at Function.process_params (/media/yue/newDisk/node/node-blog/node_modules/express/lib/router/index.js:410:3)
    at next (/media/yue/newDisk/node/node-blog/node_modules/express/lib/router/index.js:275:10)
    at Function.handle (/media/yue/newDisk/node/node-blog/node_modules/express/lib/router/index.js:174:3)
    at router (/media/yue/newDisk/node/node-blog/node_modules/express/lib/router/index.js:47:12)
